2024-05-05 13:19:19,026 - httpx - INFO - HTTP Request: POST https://api.telegram.org/bot6730911696:AAFWrSNIQZTbmQUfPbecKhEesESQ315sMDE/getUpdates "HTTP/1.1 200 OK"
2024-05-05 13:19:29,173 - httpx - INFO - HTTP Request: POST https://api.telegram.org/bot6730911696:AAFWrSNIQZTbmQUfPbecKhEesESQ315sMDE/getUpdates "HTTP/1.1 200 OK"
2024-05-05 13:19:33,765 - httpx - INFO - HTTP Request: POST https://api.telegram.org/bot6730911696:AAFWrSNIQZTbmQUfPbecKhEesESQ315sMDE/getUpdates "HTTP/1.1 200 OK"
2024-05-05 13:19:33,768 - telegram.ext.Application - INFO - Application is stopping. This might take a moment.
2024-05-05 13:19:33,769 - telegram.ext.Application - INFO - Application.stop() complete
2024-05-05 13:19:38,748 - httpx - INFO - HTTP Request: POST https://api.telegram.org/bot6730911696:AAFWrSNIQZTbmQUfPbecKhEesESQ315sMDE/getMe "HTTP/1.1 200 OK"
2024-05-05 13:19:38,892 - httpx - INFO - HTTP Request: POST https://api.telegram.org/bot6730911696:AAFWrSNIQZTbmQUfPbecKhEesESQ315sMDE/deleteWebhook "HTTP/1.1 200 OK"
2024-05-05 13:19:38,894 - telegram.ext.Application - INFO - Application started
2024-05-05 13:19:40,592 - httpx - INFO - HTTP Request: POST https://api.telegram.org/bot6730911696:AAFWrSNIQZTbmQUfPbecKhEesESQ315sMDE/getUpdates "HTTP/1.1 200 OK"
2024-05-05 13:19:40,778 - httpx - INFO - HTTP Request: POST https://api.telegram.org/bot6730911696:AAFWrSNIQZTbmQUfPbecKhEesESQ315sMDE/answerCallbackQuery "HTTP/1.1 200 OK"
2024-05-05 13:19:40,779 - telegram.ext.Application - ERROR - No error handlers are registered, logging exception.
Traceback (most recent call last):
  File "/home/emenike/projects/upcoming projects/tele-bot/.venv/lib/python3.10/site-packages/telegram/ext/_application.py", line 1277, in process_update
    await coroutine
  File "/home/emenike/projects/upcoming projects/tele-bot/.venv/lib/python3.10/site-packages/telegram/ext/_handlers/basehandler.py", line 157, in handle_update
    return await self.callback(update, context)
  File "/home/emenike/projects/upcoming projects/tele-bot/main.py", line 44, in sol_menu
    await query.reply.text(
AttributeError: 'CallbackQuery' object has no attribute 'reply'
2024-05-05 13:19:50,746 - httpx - INFO - HTTP Request: POST https://api.telegram.org/bot6730911696:AAFWrSNIQZTbmQUfPbecKhEesESQ315sMDE/getUpdates "HTTP/1.1 200 OK"
2024-05-05 13:20:00,892 - httpx - INFO - HTTP Request: POST https://api.telegram.org/bot6730911696:AAFWrSNIQZTbmQUfPbecKhEesESQ315sMDE/getUpdates "HTTP/1.1 200 OK"
2024-05-05 13:20:06,422 - httpx - INFO - HTTP Request: POST https://api.telegram.org/bot6730911696:AAFWrSNIQZTbmQUfPbecKhEesESQ315sMDE/getUpdates "HTTP/1.1 200 OK"
2024-05-05 13:20:06,423 - telegram.ext.Application - INFO - Application is stopping. This might take a moment.
2024-05-05 13:20:06,424 - telegram.ext.Application - INFO - Application.stop() complete
2024-05-05 13:20:16,572 - httpx - INFO - HTTP Request: POST https://api.telegram.org/bot6730911696:AAFWrSNIQZTbmQUfPbecKhEesESQ315sMDE/getMe "HTTP/1.1 200 OK"
2024-05-05 13:20:16,716 - httpx - INFO - HTTP Request: POST https://api.telegram.org/bot6730911696:AAFWrSNIQZTbmQUfPbecKhEesESQ315sMDE/deleteWebhook "HTTP/1.1 200 OK"
2024-05-05 13:20:16,718 - telegram.ext.Application - INFO - Application started
2024-05-05 13:20:17,149 - httpx - INFO - HTTP Request: POST https://api.telegram.org/bot6730911696:AAFWrSNIQZTbmQUfPbecKhEesESQ315sMDE/getUpdates "HTTP/1.1 200 OK"
2024-05-05 13:20:17,328 - httpx - INFO - HTTP Request: POST https://api.telegram.org/bot6730911696:AAFWrSNIQZTbmQUfPbecKhEesESQ315sMDE/answerCallbackQuery "HTTP/1.1 200 OK"
2024-05-05 13:20:17,330 - telegram.ext.Application - ERROR - No error handlers are registered, logging exception.
Traceback (most recent call last):
  File "/home/emenike/projects/upcoming projects/tele-bot/.venv/lib/python3.10/site-packages/telegram/ext/_application.py", line 1277, in process_update
    await coroutine
  File "/home/emenike/projects/upcoming projects/tele-bot/.venv/lib/python3.10/site-packages/telegram/ext/_handlers/basehandler.py", line 157, in handle_update
    return await self.callback(update, context)
  File "/home/emenike/projects/upcoming projects/tele-bot/main.py", line 44, in sol_menu
    await query.reply_text(
AttributeError: 'CallbackQuery' object has no attribute 'reply_text'
2024-05-05 13:20:27,307 - httpx - INFO - HTTP Request: POST https://api.telegram.org/bot6730911696:AAFWrSNIQZTbmQUfPbecKhEesESQ315sMDE/getUpdates "HTTP/1.1 200 OK"
2024-05-05 13:20:37,453 - httpx - INFO - HTTP Request: POST https://api.telegram.org/bot6730911696:AAFWrSNIQZTbmQUfPbecKhEesESQ315sMDE/getUpdates "HTTP/1.1 200 OK"
2024-05-05 13:20:47,607 - httpx - INFO - HTTP Request: POST https://api.telegram.org/bot6730911696:AAFWrSNIQZTbmQUfPbecKhEesESQ315sMDE/getUpdates "HTTP/1.1 200 OK"
2024-05-05 13:20:57,748 - httpx - INFO - HTTP Request: POST https://api.telegram.org/bot6730911696:AAFWrSNIQZTbmQUfPbecKhEesESQ315sMDE/getUpdates "HTTP/1.1 200 OK"
2024-05-05 13:21:07,891 - httpx - INFO - HTTP Request: POST https://api.telegram.org/bot6730911696:AAFWrSNIQZTbmQUfPbecKhEesESQ315sMDE/getUpdates "HTTP/1.1 200 OK"
2024-05-05 13:21:18,031 - httpx - INFO - HTTP Request: POST https://api.telegram.org/bot6730911696:AAFWrSNIQZTbmQUfPbecKhEesESQ315sMDE/getUpdates "HTTP/1.1 200 OK"
2024-05-05 13:21:28,167 - httpx - INFO - HTTP Request: POST https://api.telegram.org/bot6730911696:AAFWrSNIQZTbmQUfPbecKhEesESQ315sMDE/getUpdates "HTTP/1.1 200 OK"
2024-05-05 13:21:38,311 - httpx - INFO - HTTP Request: POST https://api.telegram.org/bot6730911696:AAFWrSNIQZTbmQUfPbecKhEesESQ315sMDE/getUpdates "HTTP/1.1 200 OK"
2024-05-05 13:21:48,450 - httpx - INFO - HTTP Request: POST https://api.telegram.org/bot6730911696:AAFWrSNIQZTbmQUfPbecKhEesESQ315sMDE/getUpdates "HTTP/1.1 200 OK"
2024-05-05 13:21:58,593 - httpx - INFO - HTTP Request: POST https://api.telegram.org/bot6730911696:AAFWrSNIQZTbmQUfPbecKhEesESQ315sMDE/getUpdates "HTTP/1.1 200 OK"
2024-05-05 13:22:08,735 - httpx - INFO - HTTP Request: POST https://api.telegram.org/bot6730911696:AAFWrSNIQZTbmQUfPbecKhEesESQ315sMDE/getUpdates "HTTP/1.1 200 OK"
2024-05-05 13:22:18,876 - httpx - INFO - HTTP Request: POST https://api.telegram.org/bot6730911696:AAFWrSNIQZTbmQUfPbecKhEesESQ315sMDE/getUpdates "HTTP/1.1 200 OK"
2024-05-05 13:22:29,021 - httpx - INFO - HTTP Request: POST https://api.telegram.org/bot6730911696:AAFWrSNIQZTbmQUfPbecKhEesESQ315sMDE/getUpdates "HTTP/1.1 200 OK"
2024-05-05 13:22:39,162 - httpx - INFO - HTTP Request: POST https://api.telegram.org/bot6730911696:AAFWrSNIQZTbmQUfPbecKhEesESQ315sMDE/getUpdates "HTTP/1.1 200 OK"
2024-05-05 13:22:49,305 - httpx - INFO - HTTP Request: POST https://api.telegram.org/bot6730911696:AAFWrSNIQZTbmQUfPbecKhEesESQ315sMDE/getUpdates "HTTP/1.1 200 OK"
2024-05-05 13:22:58,788 - httpx - INFO - HTTP Request: POST https://api.telegram.org/bot6730911696:AAFWrSNIQZTbmQUfPbecKhEesESQ315sMDE/getUpdates "HTTP/1.1 200 OK"
2024-05-05 13:22:58,789 - telegram.ext.Application - INFO - Application is stopping. This might take a moment.
2024-05-05 13:22:58,789 - telegram.ext.Application - INFO - Application.stop() complete
2024-05-05 13:23:04,335 - httpx - INFO - HTTP Request: POST https://api.telegram.org/bot6730911696:AAFWrSNIQZTbmQUfPbecKhEesESQ315sMDE/getMe "HTTP/1.1 200 OK"
2024-05-05 13:23:04,478 - httpx - INFO - HTTP Request: POST https://api.telegram.org/bot6730911696:AAFWrSNIQZTbmQUfPbecKhEesESQ315sMDE/deleteWebhook "HTTP/1.1 200 OK"
2024-05-05 13:23:04,482 - telegram.ext.Application - INFO - Application started
2024-05-05 13:23:04,893 - httpx - INFO - HTTP Request: POST https://api.telegram.org/bot6730911696:AAFWrSNIQZTbmQUfPbecKhEesESQ315sMDE/getUpdates "HTTP/1.1 200 OK"
2024-05-05 13:23:04,898 - telegram.ext.Application - ERROR - No error handlers are registered, logging exception.
Traceback (most recent call last):
  File "/home/emenike/projects/upcoming projects/tele-bot/.venv/lib/python3.10/site-packages/telegram/ext/_application.py", line 1277, in process_update
    await coroutine
  File "/home/emenike/projects/upcoming projects/tele-bot/.venv/lib/python3.10/site-packages/telegram/ext/_handlers/basehandler.py", line 157, in handle_update
    return await self.callback(update, context)
  File "/home/emenike/projects/upcoming projects/tele-bot/main.py", line 43, in sol_menu
    await query.answer(
TypeError: CallbackQuery.answer() got an unexpected keyword argument 'reply_markup'
2024-05-05 13:23:15,039 - httpx - INFO - HTTP Request: POST https://api.telegram.org/bot6730911696:AAFWrSNIQZTbmQUfPbecKhEesESQ315sMDE/getUpdates "HTTP/1.1 200 OK"
2024-05-05 13:23:25,187 - httpx - INFO - HTTP Request: POST https://api.telegram.org/bot6730911696:AAFWrSNIQZTbmQUfPbecKhEesESQ315sMDE/getUpdates "HTTP/1.1 200 OK"
2024-05-05 13:23:35,327 - httpx - INFO - HTTP Request: POST https://api.telegram.org/bot6730911696:AAFWrSNIQZTbmQUfPbecKhEesESQ315sMDE/getUpdates "HTTP/1.1 200 OK"
2024-05-05 13:23:45,466 - httpx - INFO - HTTP Request: POST https://api.telegram.org/bot6730911696:AAFWrSNIQZTbmQUfPbecKhEesESQ315sMDE/getUpdates "HTTP/1.1 200 OK"
2024-05-05 13:23:56,372 - httpx - INFO - HTTP Request: POST https://api.telegram.org/bot6730911696:AAFWrSNIQZTbmQUfPbecKhEesESQ315sMDE/getUpdates "HTTP/1.1 200 OK"
2024-05-05 13:24:06,516 - httpx - INFO - HTTP Request: POST https://api.telegram.org/bot6730911696:AAFWrSNIQZTbmQUfPbecKhEesESQ315sMDE/getUpdates "HTTP/1.1 200 OK"
2024-05-05 13:24:16,653 - httpx - INFO - HTTP Request: POST https://api.telegram.org/bot6730911696:AAFWrSNIQZTbmQUfPbecKhEesESQ315sMDE/getUpdates "HTTP/1.1 200 OK"
2024-05-05 13:24:26,798 - httpx - INFO - HTTP Request: POST https://api.telegram.org/bot6730911696:AAFWrSNIQZTbmQUfPbecKhEesESQ315sMDE/getUpdates "HTTP/1.1 200 OK"
2024-05-05 13:24:36,936 - httpx - INFO - HTTP Request: POST https://api.telegram.org/bot6730911696:AAFWrSNIQZTbmQUfPbecKhEesESQ315sMDE/getUpdates "HTTP/1.1 200 OK"
2024-05-05 13:24:47,079 - httpx - INFO - HTTP Request: POST https://api.telegram.org/bot6730911696:AAFWrSNIQZTbmQUfPbecKhEesESQ315sMDE/getUpdates "HTTP/1.1 200 OK"
2024-05-05 13:24:57,220 - httpx - INFO - HTTP Request: POST https://api.telegram.org/bot6730911696:AAFWrSNIQZTbmQUfPbecKhEesESQ315sMDE/getUpdates "HTTP/1.1 200 OK"
2024-05-05 13:25:07,357 - httpx - INFO - HTTP Request: POST https://api.telegram.org/bot6730911696:AAFWrSNIQZTbmQUfPbecKhEesESQ315sMDE/getUpdates "HTTP/1.1 200 OK"
2024-05-05 13:25:13,441 - httpx - INFO - HTTP Request: POST https://api.telegram.org/bot6730911696:AAFWrSNIQZTbmQUfPbecKhEesESQ315sMDE/getUpdates "HTTP/1.1 200 OK"
2024-05-05 13:25:13,442 - telegram.ext.Application - INFO - Application is stopping. This might take a moment.
2024-05-05 13:25:13,442 - telegram.ext.Application - INFO - Application.stop() complete
2024-05-05 13:25:19,697 - httpx - INFO - HTTP Request: POST https://api.telegram.org/bot6730911696:AAFWrSNIQZTbmQUfPbecKhEesESQ315sMDE/getMe "HTTP/1.1 200 OK"
2024-05-05 13:25:19,835 - httpx - INFO - HTTP Request: POST https://api.telegram.org/bot6730911696:AAFWrSNIQZTbmQUfPbecKhEesESQ315sMDE/deleteWebhook "HTTP/1.1 200 OK"
2024-05-05 13:25:19,837 - telegram.ext.Application - INFO - Application started
2024-05-05 13:25:21,454 - httpx - INFO - HTTP Request: POST https://api.telegram.org/bot6730911696:AAFWrSNIQZTbmQUfPbecKhEesESQ315sMDE/getUpdates "HTTP/1.1 200 OK"
2024-05-05 13:25:21,618 - httpx - INFO - HTTP Request: POST https://api.telegram.org/bot6730911696:AAFWrSNIQZTbmQUfPbecKhEesESQ315sMDE/answerCallbackQuery "HTTP/1.1 200 OK"
2024-05-05 13:25:21,784 - httpx - INFO - HTTP Request: POST https://api.telegram.org/bot6730911696:AAFWrSNIQZTbmQUfPbecKhEesESQ315sMDE/editMessageText "HTTP/1.1 200 OK"
2024-05-05 13:25:30,073 - httpx - INFO - HTTP Request: POST https://api.telegram.org/bot6730911696:AAFWrSNIQZTbmQUfPbecKhEesESQ315sMDE/getUpdates "HTTP/1.1 200 OK"
2024-05-05 13:25:30,074 - telegram.ext.Application - INFO - Application is stopping. This might take a moment.
2024-05-05 13:25:30,075 - telegram.ext.Application - INFO - Application.stop() complete
2024-05-05 13:25:35,132 - httpx - INFO - HTTP Request: POST https://api.telegram.org/bot6730911696:AAFWrSNIQZTbmQUfPbecKhEesESQ315sMDE/getMe "HTTP/1.1 200 OK"
2024-05-05 13:25:35,285 - httpx - INFO - HTTP Request: POST https://api.telegram.org/bot6730911696:AAFWrSNIQZTbmQUfPbecKhEesESQ315sMDE/deleteWebhook "HTTP/1.1 200 OK"
2024-05-05 13:25:35,287 - telegram.ext.Application - INFO - Application started
2024-05-05 13:25:36,815 - httpx - INFO - HTTP Request: POST https://api.telegram.org/bot6730911696:AAFWrSNIQZTbmQUfPbecKhEesESQ315sMDE/getUpdates "HTTP/1.1 200 OK"
2024-05-05 13:25:36,994 - httpx - INFO - HTTP Request: POST https://api.telegram.org/bot6730911696:AAFWrSNIQZTbmQUfPbecKhEesESQ315sMDE/answerCallbackQuery "HTTP/1.1 200 OK"
2024-05-05 13:25:37,175 - httpx - INFO - HTTP Request: POST https://api.telegram.org/bot6730911696:AAFWrSNIQZTbmQUfPbecKhEesESQ315sMDE/editMessageText "HTTP/1.1 200 OK"
2024-05-05 13:25:46,983 - httpx - INFO - HTTP Request: POST https://api.telegram.org/bot6730911696:AAFWrSNIQZTbmQUfPbecKhEesESQ315sMDE/getUpdates "HTTP/1.1 200 OK"
2024-05-05 13:25:57,128 - httpx - INFO - HTTP Request: POST https://api.telegram.org/bot6730911696:AAFWrSNIQZTbmQUfPbecKhEesESQ315sMDE/getUpdates "HTTP/1.1 200 OK"
2024-05-05 13:26:07,276 - httpx - INFO - HTTP Request: POST https://api.telegram.org/bot6730911696:AAFWrSNIQZTbmQUfPbecKhEesESQ315sMDE/getUpdates "HTTP/1.1 200 OK"
2024-05-05 13:26:16,407 - httpx - INFO - HTTP Request: POST https://api.telegram.org/bot6730911696:AAFWrSNIQZTbmQUfPbecKhEesESQ315sMDE/getUpdates "HTTP/1.1 200 OK"
2024-05-05 13:26:16,411 - telegram.ext.Application - INFO - Application is stopping. This might take a moment.
2024-05-05 13:26:16,411 - telegram.ext.Application - INFO - Application.stop() complete
2024-05-05 13:26:22,256 - httpx - INFO - HTTP Request: POST https://api.telegram.org/bot6730911696:AAFWrSNIQZTbmQUfPbecKhEesESQ315sMDE/getMe "HTTP/1.1 200 OK"
2024-05-05 13:26:22,396 - httpx - INFO - HTTP Request: POST https://api.telegram.org/bot6730911696:AAFWrSNIQZTbmQUfPbecKhEesESQ315sMDE/deleteWebhook "HTTP/1.1 200 OK"
2024-05-05 13:26:22,401 - telegram.ext.Application - INFO - Application started
2024-05-05 13:26:22,842 - httpx - INFO - HTTP Request: POST https://api.telegram.org/bot6730911696:AAFWrSNIQZTbmQUfPbecKhEesESQ315sMDE/getUpdates "HTTP/1.1 200 OK"
2024-05-05 13:26:26,395 - httpx - INFO - HTTP Request: POST https://api.telegram.org/bot6730911696:AAFWrSNIQZTbmQUfPbecKhEesESQ315sMDE/getUpdates "HTTP/1.1 200 OK"
2024-05-05 13:26:26,418 - httpx - INFO - HTTP Request: POST https://api.telegram.org/bot6730911696:AAFWrSNIQZTbmQUfPbecKhEesESQ315sMDE/sendMessage "HTTP/1.1 200 OK"
2024-05-05 13:26:27,985 - httpx - INFO - HTTP Request: POST https://api.telegram.org/bot6730911696:AAFWrSNIQZTbmQUfPbecKhEesESQ315sMDE/getUpdates "HTTP/1.1 200 OK"
2024-05-05 13:26:28,126 - httpx - INFO - HTTP Request: POST https://api.telegram.org/bot6730911696:AAFWrSNIQZTbmQUfPbecKhEesESQ315sMDE/sendMessage "HTTP/1.1 200 OK"
2024-05-05 13:26:28,288 - httpx - INFO - HTTP Request: POST https://api.telegram.org/bot6730911696:AAFWrSNIQZTbmQUfPbecKhEesESQ315sMDE/answerCallbackQuery "HTTP/1.1 200 OK"
2024-05-05 13:26:28,464 - httpx - INFO - HTTP Request: POST https://api.telegram.org/bot6730911696:AAFWrSNIQZTbmQUfPbecKhEesESQ315sMDE/editMessageText "HTTP/1.1 200 OK"
2024-05-05 13:26:33,884 - httpx - INFO - HTTP Request: POST https://api.telegram.org/bot6730911696:AAFWrSNIQZTbmQUfPbecKhEesESQ315sMDE/getUpdates "HTTP/1.1 200 OK"
2024-05-05 13:26:34,884 - httpx - INFO - HTTP Request: POST https://api.telegram.org/bot6730911696:AAFWrSNIQZTbmQUfPbecKhEesESQ315sMDE/answerCallbackQuery "HTTP/1.1 200 OK"
2024-05-05 13:26:35,070 - httpx - INFO - HTTP Request: POST https://api.telegram.org/bot6730911696:AAFWrSNIQZTbmQUfPbecKhEesESQ315sMDE/editMessageText "HTTP/1.1 200 OK"
2024-05-05 13:26:37,845 - httpx - INFO - HTTP Request: POST https://api.telegram.org/bot6730911696:AAFWrSNIQZTbmQUfPbecKhEesESQ315sMDE/getUpdates "HTTP/1.1 200 OK"
2024-05-05 13:26:41,565 - httpx - INFO - HTTP Request: POST https://api.telegram.org/bot6730911696:AAFWrSNIQZTbmQUfPbecKhEesESQ315sMDE/getUpdates "HTTP/1.1 200 OK"
2024-05-05 13:26:44,561 - httpx - INFO - HTTP Request: POST https://api.telegram.org/bot6730911696:AAFWrSNIQZTbmQUfPbecKhEesESQ315sMDE/sendMessage "HTTP/1.1 200 OK"
2024-05-05 13:26:47,754 - httpx - INFO - HTTP Request: POST https://api.telegram.org/bot6730911696:AAFWrSNIQZTbmQUfPbecKhEesESQ315sMDE/getUpdates "HTTP/1.1 200 OK"
2024-05-05 13:26:47,926 - httpx - INFO - HTTP Request: POST https://api.telegram.org/bot6730911696:AAFWrSNIQZTbmQUfPbecKhEesESQ315sMDE/answerCallbackQuery "HTTP/1.1 200 OK"
2024-05-05 13:26:48,098 - httpx - INFO - HTTP Request: POST https://api.telegram.org/bot6730911696:AAFWrSNIQZTbmQUfPbecKhEesESQ315sMDE/editMessageText "HTTP/1.1 400 Bad Request"
2024-05-05 13:26:48,099 - telegram.ext.Application - ERROR - No error handlers are registered, logging exception.
Traceback (most recent call last):
  File "/home/emenike/projects/upcoming projects/tele-bot/.venv/lib/python3.10/site-packages/telegram/ext/_application.py", line 1277, in process_update
    await coroutine
  File "/home/emenike/projects/upcoming projects/tele-bot/.venv/lib/python3.10/site-packages/telegram/ext/_handlers/basehandler.py", line 157, in handle_update
    return await self.callback(update, context)
  File "/home/emenike/projects/upcoming projects/tele-bot/main.py", line 44, in sol_menu
    await query.edit_message_text(
  File "/home/emenike/projects/upcoming projects/tele-bot/.venv/lib/python3.10/site-packages/telegram/_callbackquery.py", line 264, in edit_message_text
    return await self._get_message().edit_text(
  File "/home/emenike/projects/upcoming projects/tele-bot/.venv/lib/python3.10/site-packages/telegram/_message.py", line 3501, in edit_text
    return await self.get_bot().edit_message_text(
  File "/home/emenike/projects/upcoming projects/tele-bot/.venv/lib/python3.10/site-packages/telegram/ext/_extbot.py", line 1625, in edit_message_text
    return await super().edit_message_text(
  File "/home/emenike/projects/upcoming projects/tele-bot/.venv/lib/python3.10/site-packages/telegram/_bot.py", line 3919, in edit_message_text
    return await self._send_message(
  File "/home/emenike/projects/upcoming projects/tele-bot/.venv/lib/python3.10/site-packages/telegram/ext/_extbot.py", line 587, in _send_message
    result = await super()._send_message(
  File "/home/emenike/projects/upcoming projects/tele-bot/.venv/lib/python3.10/site-packages/telegram/_bot.py", line 731, in _send_message
    result = await self._post(
  File "/home/emenike/projects/upcoming projects/tele-bot/.venv/lib/python3.10/site-packages/telegram/_bot.py", line 615, in _post
    return await self._do_post(
  File "/home/emenike/projects/upcoming projects/tele-bot/.venv/lib/python3.10/site-packages/telegram/ext/_extbot.py", line 349, in _do_post
    return await super()._do_post(
  File "/home/emenike/projects/upcoming projects/tele-bot/.venv/lib/python3.10/site-packages/telegram/_bot.py", line 644, in _do_post
    result = await request.post(
  File "/home/emenike/projects/upcoming projects/tele-bot/.venv/lib/python3.10/site-packages/telegram/request/_baserequest.py", line 200, in post
    result = await self._request_wrapper(
  File "/home/emenike/projects/upcoming projects/tele-bot/.venv/lib/python3.10/site-packages/telegram/request/_baserequest.py", line 379, in _request_wrapper
    raise BadRequest(message)
telegram.error.BadRequest: Message is not modified: specified new message content and reply markup are exactly the same as a current content and reply markup of the message
2024-05-05 13:26:54,246 - httpx - INFO - HTTP Request: POST https://api.telegram.org/bot6730911696:AAFWrSNIQZTbmQUfPbecKhEesESQ315sMDE/getUpdates "HTTP/1.1 200 OK"
2024-05-05 13:26:55,631 - httpx - INFO - HTTP Request: POST https://api.telegram.org/bot6730911696:AAFWrSNIQZTbmQUfPbecKhEesESQ315sMDE/sendMessage "HTTP/1.1 200 OK"
2024-05-05 13:26:57,765 - httpx - INFO - HTTP Request: POST https://api.telegram.org/bot6730911696:AAFWrSNIQZTbmQUfPbecKhEesESQ315sMDE/getUpdates "HTTP/1.1 200 OK"
2024-05-05 13:26:57,916 - httpx - INFO - HTTP Request: POST https://api.telegram.org/bot6730911696:AAFWrSNIQZTbmQUfPbecKhEesESQ315sMDE/answerCallbackQuery "HTTP/1.1 200 OK"
2024-05-05 13:26:58,106 - httpx - INFO - HTTP Request: POST https://api.telegram.org/bot6730911696:AAFWrSNIQZTbmQUfPbecKhEesESQ315sMDE/editMessageText "HTTP/1.1 200 OK"
2024-05-05 13:27:07,914 - httpx - INFO - HTTP Request: POST https://api.telegram.org/bot6730911696:AAFWrSNIQZTbmQUfPbecKhEesESQ315sMDE/getUpdates "HTTP/1.1 200 OK"
2024-05-05 13:27:18,060 - httpx - INFO - HTTP Request: POST https://api.telegram.org/bot6730911696:AAFWrSNIQZTbmQUfPbecKhEesESQ315sMDE/getUpdates "HTTP/1.1 200 OK"
2024-05-05 13:27:28,207 - httpx - INFO - HTTP Request: POST https://api.telegram.org/bot6730911696:AAFWrSNIQZTbmQUfPbecKhEesESQ315sMDE/getUpdates "HTTP/1.1 200 OK"
2024-05-05 13:27:38,350 - httpx - INFO - HTTP Request: POST https://api.telegram.org/bot6730911696:AAFWrSNIQZTbmQUfPbecKhEesESQ315sMDE/getUpdates "HTTP/1.1 200 OK"
2024-05-05 13:27:48,503 - httpx - INFO - HTTP Request: POST https://api.telegram.org/bot6730911696:AAFWrSNIQZTbmQUfPbecKhEesESQ315sMDE/getUpdates "HTTP/1.1 200 OK"
2024-05-05 13:27:58,647 - httpx - INFO - HTTP Request: POST https://api.telegram.org/bot6730911696:AAFWrSNIQZTbmQUfPbecKhEesESQ315sMDE/getUpdates "HTTP/1.1 200 OK"
2024-05-05 13:28:08,796 - httpx - INFO - HTTP Request: POST https://api.telegram.org/bot6730911696:AAFWrSNIQZTbmQUfPbecKhEesESQ315sMDE/getUpdates "HTTP/1.1 200 OK"
2024-05-05 13:28:18,941 - httpx - INFO - HTTP Request: POST https://api.telegram.org/bot6730911696:AAFWrSNIQZTbmQUfPbecKhEesESQ315sMDE/getUpdates "HTTP/1.1 200 OK"
2024-05-05 13:28:29,457 - httpx - INFO - HTTP Request: POST https://api.telegram.org/bot6730911696:AAFWrSNIQZTbmQUfPbecKhEesESQ315sMDE/getUpdates "HTTP/1.1 200 OK"
2024-05-05 13:28:39,604 - httpx - INFO - HTTP Request: POST https://api.telegram.org/bot6730911696:AAFWrSNIQZTbmQUfPbecKhEesESQ315sMDE/getUpdates "HTTP/1.1 200 OK"
2024-05-05 13:28:49,773 - httpx - INFO - HTTP Request: POST https://api.telegram.org/bot6730911696:AAFWrSNIQZTbmQUfPbecKhEesESQ315sMDE/getUpdates "HTTP/1.1 200 OK"
2024-05-05 13:29:00,308 - httpx - INFO - HTTP Request: POST https://api.telegram.org/bot6730911696:AAFWrSNIQZTbmQUfPbecKhEesESQ315sMDE/getUpdates "HTTP/1.1 200 OK"
2024-05-05 13:29:10,466 - httpx - INFO - HTTP Request: POST https://api.telegram.org/bot6730911696:AAFWrSNIQZTbmQUfPbecKhEesESQ315sMDE/getUpdates "HTTP/1.1 200 OK"
2024-05-05 13:29:20,608 - httpx - INFO - HTTP Request: POST https://api.telegram.org/bot6730911696:AAFWrSNIQZTbmQUfPbecKhEesESQ315sMDE/getUpdates "HTTP/1.1 200 OK"
2024-05-05 13:29:30,751 - httpx - INFO - HTTP Request: POST https://api.telegram.org/bot6730911696:AAFWrSNIQZTbmQUfPbecKhEesESQ315sMDE/getUpdates "HTTP/1.1 200 OK"
2024-05-05 13:29:41,271 - httpx - INFO - HTTP Request: POST https://api.telegram.org/bot6730911696:AAFWrSNIQZTbmQUfPbecKhEesESQ315sMDE/getUpdates "HTTP/1.1 200 OK"
2024-05-05 13:29:51,424 - httpx - INFO - HTTP Request: POST https://api.telegram.org/bot6730911696:AAFWrSNIQZTbmQUfPbecKhEesESQ315sMDE/getUpdates "HTTP/1.1 200 OK"
2024-05-05 13:30:01,583 - httpx - INFO - HTTP Request: POST https://api.telegram.org/bot6730911696:AAFWrSNIQZTbmQUfPbecKhEesESQ315sMDE/getUpdates "HTTP/1.1 200 OK"
2024-05-05 13:30:11,730 - httpx - INFO - HTTP Request: POST https://api.telegram.org/bot6730911696:AAFWrSNIQZTbmQUfPbecKhEesESQ315sMDE/getUpdates "HTTP/1.1 200 OK"
2024-05-05 13:30:21,876 - httpx - INFO - HTTP Request: POST https://api.telegram.org/bot6730911696:AAFWrSNIQZTbmQUfPbecKhEesESQ315sMDE/getUpdates "HTTP/1.1 200 OK"
2024-05-05 13:30:32,033 - httpx - INFO - HTTP Request: POST https://api.telegram.org/bot6730911696:AAFWrSNIQZTbmQUfPbecKhEesESQ315sMDE/getUpdates "HTTP/1.1 200 OK"
2024-05-05 13:30:42,178 - httpx - INFO - HTTP Request: POST https://api.telegram.org/bot6730911696:AAFWrSNIQZTbmQUfPbecKhEesESQ315sMDE/getUpdates "HTTP/1.1 200 OK"
2024-05-05 13:30:52,319 - httpx - INFO - HTTP Request: POST https://api.telegram.org/bot6730911696:AAFWrSNIQZTbmQUfPbecKhEesESQ315sMDE/getUpdates "HTTP/1.1 200 OK"
2024-05-05 13:31:02,487 - httpx - INFO - HTTP Request: POST https://api.telegram.org/bot6730911696:AAFWrSNIQZTbmQUfPbecKhEesESQ315sMDE/getUpdates "HTTP/1.1 200 OK"
2024-05-05 13:31:12,628 - httpx - INFO - HTTP Request: POST https://api.telegram.org/bot6730911696:AAFWrSNIQZTbmQUfPbecKhEesESQ315sMDE/getUpdates "HTTP/1.1 200 OK"
2024-05-05 13:31:22,783 - httpx - INFO - HTTP Request: POST https://api.telegram.org/bot6730911696:AAFWrSNIQZTbmQUfPbecKhEesESQ315sMDE/getUpdates "HTTP/1.1 200 OK"
2024-05-05 13:31:32,960 - httpx - INFO - HTTP Request: POST https://api.telegram.org/bot6730911696:AAFWrSNIQZTbmQUfPbecKhEesESQ315sMDE/getUpdates "HTTP/1.1 200 OK"
2024-05-05 13:31:43,108 - httpx - INFO - HTTP Request: POST https://api.telegram.org/bot6730911696:AAFWrSNIQZTbmQUfPbecKhEesESQ315sMDE/getUpdates "HTTP/1.1 200 OK"
2024-05-05 13:31:53,247 - httpx - INFO - HTTP Request: POST https://api.telegram.org/bot6730911696:AAFWrSNIQZTbmQUfPbecKhEesESQ315sMDE/getUpdates "HTTP/1.1 200 OK"
2024-05-05 13:32:03,388 - httpx - INFO - HTTP Request: POST https://api.telegram.org/bot6730911696:AAFWrSNIQZTbmQUfPbecKhEesESQ315sMDE/getUpdates "HTTP/1.1 200 OK"
2024-05-05 13:32:13,533 - httpx - INFO - HTTP Request: POST https://api.telegram.org/bot6730911696:AAFWrSNIQZTbmQUfPbecKhEesESQ315sMDE/getUpdates "HTTP/1.1 200 OK"
2024-05-05 13:32:23,670 - httpx - INFO - HTTP Request: POST https://api.telegram.org/bot6730911696:AAFWrSNIQZTbmQUfPbecKhEesESQ315sMDE/getUpdates "HTTP/1.1 200 OK"
2024-05-05 13:32:33,852 - httpx - INFO - HTTP Request: POST https://api.telegram.org/bot6730911696:AAFWrSNIQZTbmQUfPbecKhEesESQ315sMDE/getUpdates "HTTP/1.1 200 OK"
2024-05-05 13:32:44,115 - httpx - INFO - HTTP Request: POST https://api.telegram.org/bot6730911696:AAFWrSNIQZTbmQUfPbecKhEesESQ315sMDE/getUpdates "HTTP/1.1 200 OK"
2024-05-05 13:32:54,256 - httpx - INFO - HTTP Request: POST https://api.telegram.org/bot6730911696:AAFWrSNIQZTbmQUfPbecKhEesESQ315sMDE/getUpdates "HTTP/1.1 200 OK"
2024-05-05 13:33:04,394 - httpx - INFO - HTTP Request: POST https://api.telegram.org/bot6730911696:AAFWrSNIQZTbmQUfPbecKhEesESQ315sMDE/getUpdates "HTTP/1.1 200 OK"
2024-05-05 13:33:14,539 - httpx - INFO - HTTP Request: POST https://api.telegram.org/bot6730911696:AAFWrSNIQZTbmQUfPbecKhEesESQ315sMDE/getUpdates "HTTP/1.1 200 OK"
2024-05-05 13:33:24,683 - httpx - INFO - HTTP Request: POST https://api.telegram.org/bot6730911696:AAFWrSNIQZTbmQUfPbecKhEesESQ315sMDE/getUpdates "HTTP/1.1 200 OK"
2024-05-05 13:33:34,826 - httpx - INFO - HTTP Request: POST https://api.telegram.org/bot6730911696:AAFWrSNIQZTbmQUfPbecKhEesESQ315sMDE/getUpdates "HTTP/1.1 200 OK"
2024-05-05 13:33:44,988 - httpx - INFO - HTTP Request: POST https://api.telegram.org/bot6730911696:AAFWrSNIQZTbmQUfPbecKhEesESQ315sMDE/getUpdates "HTTP/1.1 200 OK"
2024-05-05 13:33:55,130 - httpx - INFO - HTTP Request: POST https://api.telegram.org/bot6730911696:AAFWrSNIQZTbmQUfPbecKhEesESQ315sMDE/getUpdates "HTTP/1.1 200 OK"
2024-05-05 13:34:05,283 - httpx - INFO - HTTP Request: POST https://api.telegram.org/bot6730911696:AAFWrSNIQZTbmQUfPbecKhEesESQ315sMDE/getUpdates "HTTP/1.1 200 OK"
2024-05-05 13:34:15,433 - httpx - INFO - HTTP Request: POST https://api.telegram.org/bot6730911696:AAFWrSNIQZTbmQUfPbecKhEesESQ315sMDE/getUpdates "HTTP/1.1 200 OK"
2024-05-05 13:34:25,644 - httpx - INFO - HTTP Request: POST https://api.telegram.org/bot6730911696:AAFWrSNIQZTbmQUfPbecKhEesESQ315sMDE/getUpdates "HTTP/1.1 200 OK"
2024-05-05 13:34:35,827 - httpx - INFO - HTTP Request: POST https://api.telegram.org/bot6730911696:AAFWrSNIQZTbmQUfPbecKhEesESQ315sMDE/getUpdates "HTTP/1.1 200 OK"
2024-05-05 13:34:45,993 - httpx - INFO - HTTP Request: POST https://api.telegram.org/bot6730911696:AAFWrSNIQZTbmQUfPbecKhEesESQ315sMDE/getUpdates "HTTP/1.1 200 OK"
2024-05-05 13:34:56,140 - httpx - INFO - HTTP Request: POST https://api.telegram.org/bot6730911696:AAFWrSNIQZTbmQUfPbecKhEesESQ315sMDE/getUpdates "HTTP/1.1 200 OK"
2024-05-05 13:35:06,277 - httpx - INFO - HTTP Request: POST https://api.telegram.org/bot6730911696:AAFWrSNIQZTbmQUfPbecKhEesESQ315sMDE/getUpdates "HTTP/1.1 200 OK"
2024-05-05 13:35:16,429 - httpx - INFO - HTTP Request: POST https://api.telegram.org/bot6730911696:AAFWrSNIQZTbmQUfPbecKhEesESQ315sMDE/getUpdates "HTTP/1.1 200 OK"
2024-05-05 13:35:26,578 - httpx - INFO - HTTP Request: POST https://api.telegram.org/bot6730911696:AAFWrSNIQZTbmQUfPbecKhEesESQ315sMDE/getUpdates "HTTP/1.1 200 OK"
2024-05-05 13:35:36,735 - httpx - INFO - HTTP Request: POST https://api.telegram.org/bot6730911696:AAFWrSNIQZTbmQUfPbecKhEesESQ315sMDE/getUpdates "HTTP/1.1 200 OK"
2024-05-05 13:35:46,881 - httpx - INFO - HTTP Request: POST https://api.telegram.org/bot6730911696:AAFWrSNIQZTbmQUfPbecKhEesESQ315sMDE/getUpdates "HTTP/1.1 200 OK"
2024-05-05 13:35:57,024 - httpx - INFO - HTTP Request: POST https://api.telegram.org/bot6730911696:AAFWrSNIQZTbmQUfPbecKhEesESQ315sMDE/getUpdates "HTTP/1.1 200 OK"
2024-05-05 13:36:07,173 - httpx - INFO - HTTP Request: POST https://api.telegram.org/bot6730911696:AAFWrSNIQZTbmQUfPbecKhEesESQ315sMDE/getUpdates "HTTP/1.1 200 OK"
2024-05-05 13:36:17,316 - httpx - INFO - HTTP Request: POST https://api.telegram.org/bot6730911696:AAFWrSNIQZTbmQUfPbecKhEesESQ315sMDE/getUpdates "HTTP/1.1 200 OK"
2024-05-05 13:36:27,456 - httpx - INFO - HTTP Request: POST https://api.telegram.org/bot6730911696:AAFWrSNIQZTbmQUfPbecKhEesESQ315sMDE/getUpdates "HTTP/1.1 200 OK"
2024-05-05 13:36:37,594 - httpx - INFO - HTTP Request: POST https://api.telegram.org/bot6730911696:AAFWrSNIQZTbmQUfPbecKhEesESQ315sMDE/getUpdates "HTTP/1.1 200 OK"
2024-05-05 13:36:47,730 - httpx - INFO - HTTP Request: POST https://api.telegram.org/bot6730911696:AAFWrSNIQZTbmQUfPbecKhEesESQ315sMDE/getUpdates "HTTP/1.1 200 OK"
2024-05-05 13:36:57,869 - httpx - INFO - HTTP Request: POST https://api.telegram.org/bot6730911696:AAFWrSNIQZTbmQUfPbecKhEesESQ315sMDE/getUpdates "HTTP/1.1 200 OK"
2024-05-05 13:37:08,034 - httpx - INFO - HTTP Request: POST https://api.telegram.org/bot6730911696:AAFWrSNIQZTbmQUfPbecKhEesESQ315sMDE/getUpdates "HTTP/1.1 200 OK"
2024-05-05 13:37:18,169 - httpx - INFO - HTTP Request: POST https://api.telegram.org/bot6730911696:AAFWrSNIQZTbmQUfPbecKhEesESQ315sMDE/getUpdates "HTTP/1.1 200 OK"
2024-05-05 13:37:28,311 - httpx - INFO - HTTP Request: POST https://api.telegram.org/bot6730911696:AAFWrSNIQZTbmQUfPbecKhEesESQ315sMDE/getUpdates "HTTP/1.1 200 OK"
2024-05-05 13:37:38,453 - httpx - INFO - HTTP Request: POST https://api.telegram.org/bot6730911696:AAFWrSNIQZTbmQUfPbecKhEesESQ315sMDE/getUpdates "HTTP/1.1 200 OK"
2024-05-05 13:37:48,595 - httpx - INFO - HTTP Request: POST https://api.telegram.org/bot6730911696:AAFWrSNIQZTbmQUfPbecKhEesESQ315sMDE/getUpdates "HTTP/1.1 200 OK"
2024-05-05 13:37:58,740 - httpx - INFO - HTTP Request: POST https://api.telegram.org/bot6730911696:AAFWrSNIQZTbmQUfPbecKhEesESQ315sMDE/getUpdates "HTTP/1.1 200 OK"
2024-05-05 13:38:08,878 - httpx - INFO - HTTP Request: POST https://api.telegram.org/bot6730911696:AAFWrSNIQZTbmQUfPbecKhEesESQ315sMDE/getUpdates "HTTP/1.1 200 OK"
2024-05-05 13:38:19,017 - httpx - INFO - HTTP Request: POST https://api.telegram.org/bot6730911696:AAFWrSNIQZTbmQUfPbecKhEesESQ315sMDE/getUpdates "HTTP/1.1 200 OK"
2024-05-05 13:38:29,173 - httpx - INFO - HTTP Request: POST https://api.telegram.org/bot6730911696:AAFWrSNIQZTbmQUfPbecKhEesESQ315sMDE/getUpdates "HTTP/1.1 200 OK"
2024-05-05 13:38:39,352 - httpx - INFO - HTTP Request: POST https://api.telegram.org/bot6730911696:AAFWrSNIQZTbmQUfPbecKhEesESQ315sMDE/getUpdates "HTTP/1.1 200 OK"
2024-05-05 13:38:49,498 - httpx - INFO - HTTP Request: POST https://api.telegram.org/bot6730911696:AAFWrSNIQZTbmQUfPbecKhEesESQ315sMDE/getUpdates "HTTP/1.1 200 OK"
2024-05-05 13:38:59,645 - httpx - INFO - HTTP Request: POST https://api.telegram.org/bot6730911696:AAFWrSNIQZTbmQUfPbecKhEesESQ315sMDE/getUpdates "HTTP/1.1 200 OK"
2024-05-05 13:39:09,805 - httpx - INFO - HTTP Request: POST https://api.telegram.org/bot6730911696:AAFWrSNIQZTbmQUfPbecKhEesESQ315sMDE/getUpdates "HTTP/1.1 200 OK"
2024-05-05 13:39:19,946 - httpx - INFO - HTTP Request: POST https://api.telegram.org/bot6730911696:AAFWrSNIQZTbmQUfPbecKhEesESQ315sMDE/getUpdates "HTTP/1.1 200 OK"
2024-05-05 13:39:30,107 - httpx - INFO - HTTP Request: POST https://api.telegram.org/bot6730911696:AAFWrSNIQZTbmQUfPbecKhEesESQ315sMDE/getUpdates "HTTP/1.1 200 OK"
2024-05-05 13:39:40,245 - httpx - INFO - HTTP Request: POST https://api.telegram.org/bot6730911696:AAFWrSNIQZTbmQUfPbecKhEesESQ315sMDE/getUpdates "HTTP/1.1 200 OK"
2024-05-05 13:39:50,382 - httpx - INFO - HTTP Request: POST https://api.telegram.org/bot6730911696:AAFWrSNIQZTbmQUfPbecKhEesESQ315sMDE/getUpdates "HTTP/1.1 200 OK"
2024-05-05 13:40:00,522 - httpx - INFO - HTTP Request: POST https://api.telegram.org/bot6730911696:AAFWrSNIQZTbmQUfPbecKhEesESQ315sMDE/getUpdates "HTTP/1.1 200 OK"
2024-05-05 13:40:10,661 - httpx - INFO - HTTP Request: POST https://api.telegram.org/bot6730911696:AAFWrSNIQZTbmQUfPbecKhEesESQ315sMDE/getUpdates "HTTP/1.1 200 OK"
2024-05-05 13:40:20,806 - httpx - INFO - HTTP Request: POST https://api.telegram.org/bot6730911696:AAFWrSNIQZTbmQUfPbecKhEesESQ315sMDE/getUpdates "HTTP/1.1 200 OK"
2024-05-05 13:40:30,959 - httpx - INFO - HTTP Request: POST https://api.telegram.org/bot6730911696:AAFWrSNIQZTbmQUfPbecKhEesESQ315sMDE/getUpdates "HTTP/1.1 200 OK"
2024-05-05 13:40:41,107 - httpx - INFO - HTTP Request: POST https://api.telegram.org/bot6730911696:AAFWrSNIQZTbmQUfPbecKhEesESQ315sMDE/getUpdates "HTTP/1.1 200 OK"
2024-05-05 13:40:51,249 - httpx - INFO - HTTP Request: POST https://api.telegram.org/bot6730911696:AAFWrSNIQZTbmQUfPbecKhEesESQ315sMDE/getUpdates "HTTP/1.1 200 OK"
2024-05-05 13:41:01,396 - httpx - INFO - HTTP Request: POST https://api.telegram.org/bot6730911696:AAFWrSNIQZTbmQUfPbecKhEesESQ315sMDE/getUpdates "HTTP/1.1 200 OK"
2024-05-05 13:41:11,538 - httpx - INFO - HTTP Request: POST https://api.telegram.org/bot6730911696:AAFWrSNIQZTbmQUfPbecKhEesESQ315sMDE/getUpdates "HTTP/1.1 200 OK"
2024-05-05 13:41:21,673 - httpx - INFO - HTTP Request: POST https://api.telegram.org/bot6730911696:AAFWrSNIQZTbmQUfPbecKhEesESQ315sMDE/getUpdates "HTTP/1.1 200 OK"
2024-05-05 13:41:31,842 - httpx - INFO - HTTP Request: POST https://api.telegram.org/bot6730911696:AAFWrSNIQZTbmQUfPbecKhEesESQ315sMDE/getUpdates "HTTP/1.1 200 OK"
2024-05-05 13:41:42,015 - httpx - INFO - HTTP Request: POST https://api.telegram.org/bot6730911696:AAFWrSNIQZTbmQUfPbecKhEesESQ315sMDE/getUpdates "HTTP/1.1 200 OK"
2024-05-05 13:41:52,163 - httpx - INFO - HTTP Request: POST https://api.telegram.org/bot6730911696:AAFWrSNIQZTbmQUfPbecKhEesESQ315sMDE/getUpdates "HTTP/1.1 200 OK"
2024-05-05 13:42:02,302 - httpx - INFO - HTTP Request: POST https://api.telegram.org/bot6730911696:AAFWrSNIQZTbmQUfPbecKhEesESQ315sMDE/getUpdates "HTTP/1.1 200 OK"
2024-05-05 13:42:12,449 - httpx - INFO - HTTP Request: POST https://api.telegram.org/bot6730911696:AAFWrSNIQZTbmQUfPbecKhEesESQ315sMDE/getUpdates "HTTP/1.1 200 OK"
2024-05-05 13:42:22,592 - httpx - INFO - HTTP Request: POST https://api.telegram.org/bot6730911696:AAFWrSNIQZTbmQUfPbecKhEesESQ315sMDE/getUpdates "HTTP/1.1 200 OK"
2024-05-05 13:42:35,366 - httpx - INFO - HTTP Request: POST https://api.telegram.org/bot6730911696:AAFWrSNIQZTbmQUfPbecKhEesESQ315sMDE/getUpdates "HTTP/1.1 200 OK"
2024-05-05 13:42:45,502 - httpx - INFO - HTTP Request: POST https://api.telegram.org/bot6730911696:AAFWrSNIQZTbmQUfPbecKhEesESQ315sMDE/getUpdates "HTTP/1.1 200 OK"
2024-05-05 13:42:55,643 - httpx - INFO - HTTP Request: POST https://api.telegram.org/bot6730911696:AAFWrSNIQZTbmQUfPbecKhEesESQ315sMDE/getUpdates "HTTP/1.1 200 OK"
2024-05-05 13:43:05,783 - httpx - INFO - HTTP Request: POST https://api.telegram.org/bot6730911696:AAFWrSNIQZTbmQUfPbecKhEesESQ315sMDE/getUpdates "HTTP/1.1 200 OK"
2024-05-05 13:43:15,925 - httpx - INFO - HTTP Request: POST https://api.telegram.org/bot6730911696:AAFWrSNIQZTbmQUfPbecKhEesESQ315sMDE/getUpdates "HTTP/1.1 200 OK"
2024-05-05 13:43:26,063 - httpx - INFO - HTTP Request: POST https://api.telegram.org/bot6730911696:AAFWrSNIQZTbmQUfPbecKhEesESQ315sMDE/getUpdates "HTTP/1.1 200 OK"
2024-05-05 13:43:36,200 - httpx - INFO - HTTP Request: POST https://api.telegram.org/bot6730911696:AAFWrSNIQZTbmQUfPbecKhEesESQ315sMDE/getUpdates "HTTP/1.1 200 OK"
2024-05-05 13:43:46,336 - httpx - INFO - HTTP Request: POST https://api.telegram.org/bot6730911696:AAFWrSNIQZTbmQUfPbecKhEesESQ315sMDE/getUpdates "HTTP/1.1 200 OK"
2024-05-05 13:43:56,477 - httpx - INFO - HTTP Request: POST https://api.telegram.org/bot6730911696:AAFWrSNIQZTbmQUfPbecKhEesESQ315sMDE/getUpdates "HTTP/1.1 200 OK"
2024-05-05 13:44:06,623 - httpx - INFO - HTTP Request: POST https://api.telegram.org/bot6730911696:AAFWrSNIQZTbmQUfPbecKhEesESQ315sMDE/getUpdates "HTTP/1.1 200 OK"
2024-05-05 13:44:16,824 - httpx - INFO - HTTP Request: POST https://api.telegram.org/bot6730911696:AAFWrSNIQZTbmQUfPbecKhEesESQ315sMDE/getUpdates "HTTP/1.1 200 OK"
2024-05-05 13:44:26,967 - httpx - INFO - HTTP Request: POST https://api.telegram.org/bot6730911696:AAFWrSNIQZTbmQUfPbecKhEesESQ315sMDE/getUpdates "HTTP/1.1 200 OK"
2024-05-05 13:44:37,116 - httpx - INFO - HTTP Request: POST https://api.telegram.org/bot6730911696:AAFWrSNIQZTbmQUfPbecKhEesESQ315sMDE/getUpdates "HTTP/1.1 200 OK"
2024-05-05 13:44:47,259 - httpx - INFO - HTTP Request: POST https://api.telegram.org/bot6730911696:AAFWrSNIQZTbmQUfPbecKhEesESQ315sMDE/getUpdates "HTTP/1.1 200 OK"
2024-05-05 13:44:57,401 - httpx - INFO - HTTP Request: POST https://api.telegram.org/bot6730911696:AAFWrSNIQZTbmQUfPbecKhEesESQ315sMDE/getUpdates "HTTP/1.1 200 OK"
2024-05-05 13:45:07,540 - httpx - INFO - HTTP Request: POST https://api.telegram.org/bot6730911696:AAFWrSNIQZTbmQUfPbecKhEesESQ315sMDE/getUpdates "HTTP/1.1 200 OK"
2024-05-05 13:45:17,678 - httpx - INFO - HTTP Request: POST https://api.telegram.org/bot6730911696:AAFWrSNIQZTbmQUfPbecKhEesESQ315sMDE/getUpdates "HTTP/1.1 200 OK"
2024-05-05 13:45:27,819 - httpx - INFO - HTTP Request: POST https://api.telegram.org/bot6730911696:AAFWrSNIQZTbmQUfPbecKhEesESQ315sMDE/getUpdates "HTTP/1.1 200 OK"
2024-05-05 13:45:37,967 - httpx - INFO - HTTP Request: POST https://api.telegram.org/bot6730911696:AAFWrSNIQZTbmQUfPbecKhEesESQ315sMDE/getUpdates "HTTP/1.1 200 OK"
2024-05-05 13:45:48,114 - httpx - INFO - HTTP Request: POST https://api.telegram.org/bot6730911696:AAFWrSNIQZTbmQUfPbecKhEesESQ315sMDE/getUpdates "HTTP/1.1 200 OK"
2024-05-05 13:45:58,256 - httpx - INFO - HTTP Request: POST https://api.telegram.org/bot6730911696:AAFWrSNIQZTbmQUfPbecKhEesESQ315sMDE/getUpdates "HTTP/1.1 200 OK"
2024-05-05 13:46:08,401 - httpx - INFO - HTTP Request: POST https://api.telegram.org/bot6730911696:AAFWrSNIQZTbmQUfPbecKhEesESQ315sMDE/getUpdates "HTTP/1.1 200 OK"
2024-05-05 13:46:18,542 - httpx - INFO - HTTP Request: POST https://api.telegram.org/bot6730911696:AAFWrSNIQZTbmQUfPbecKhEesESQ315sMDE/getUpdates "HTTP/1.1 200 OK"
2024-05-05 13:46:28,688 - httpx - INFO - HTTP Request: POST https://api.telegram.org/bot6730911696:AAFWrSNIQZTbmQUfPbecKhEesESQ315sMDE/getUpdates "HTTP/1.1 200 OK"
2024-05-05 13:46:38,825 - httpx - INFO - HTTP Request: POST https://api.telegram.org/bot6730911696:AAFWrSNIQZTbmQUfPbecKhEesESQ315sMDE/getUpdates "HTTP/1.1 200 OK"
2024-05-05 13:46:48,967 - httpx - INFO - HTTP Request: POST https://api.telegram.org/bot6730911696:AAFWrSNIQZTbmQUfPbecKhEesESQ315sMDE/getUpdates "HTTP/1.1 200 OK"
2024-05-05 13:46:59,111 - httpx - INFO - HTTP Request: POST https://api.telegram.org/bot6730911696:AAFWrSNIQZTbmQUfPbecKhEesESQ315sMDE/getUpdates "HTTP/1.1 200 OK"
2024-05-05 13:47:09,247 - httpx - INFO - HTTP Request: POST https://api.telegram.org/bot6730911696:AAFWrSNIQZTbmQUfPbecKhEesESQ315sMDE/getUpdates "HTTP/1.1 200 OK"
2024-05-05 13:47:19,382 - httpx - INFO - HTTP Request: POST https://api.telegram.org/bot6730911696:AAFWrSNIQZTbmQUfPbecKhEesESQ315sMDE/getUpdates "HTTP/1.1 200 OK"
2024-05-05 13:47:29,517 - httpx - INFO - HTTP Request: POST https://api.telegram.org/bot6730911696:AAFWrSNIQZTbmQUfPbecKhEesESQ315sMDE/getUpdates "HTTP/1.1 200 OK"
2024-05-05 13:47:39,654 - httpx - INFO - HTTP Request: POST https://api.telegram.org/bot6730911696:AAFWrSNIQZTbmQUfPbecKhEesESQ315sMDE/getUpdates "HTTP/1.1 200 OK"
2024-05-05 13:47:49,791 - httpx - INFO - HTTP Request: POST https://api.telegram.org/bot6730911696:AAFWrSNIQZTbmQUfPbecKhEesESQ315sMDE/getUpdates "HTTP/1.1 200 OK"
2024-05-05 13:47:59,928 - httpx - INFO - HTTP Request: POST https://api.telegram.org/bot6730911696:AAFWrSNIQZTbmQUfPbecKhEesESQ315sMDE/getUpdates "HTTP/1.1 200 OK"
2024-05-05 13:48:10,075 - httpx - INFO - HTTP Request: POST https://api.telegram.org/bot6730911696:AAFWrSNIQZTbmQUfPbecKhEesESQ315sMDE/getUpdates "HTTP/1.1 200 OK"
2024-05-05 13:48:20,211 - httpx - INFO - HTTP Request: POST https://api.telegram.org/bot6730911696:AAFWrSNIQZTbmQUfPbecKhEesESQ315sMDE/getUpdates "HTTP/1.1 200 OK"
2024-05-05 13:48:30,353 - httpx - INFO - HTTP Request: POST https://api.telegram.org/bot6730911696:AAFWrSNIQZTbmQUfPbecKhEesESQ315sMDE/getUpdates "HTTP/1.1 200 OK"
2024-05-05 13:48:40,489 - httpx - INFO - HTTP Request: POST https://api.telegram.org/bot6730911696:AAFWrSNIQZTbmQUfPbecKhEesESQ315sMDE/getUpdates "HTTP/1.1 200 OK"
2024-05-05 13:48:50,628 - httpx - INFO - HTTP Request: POST https://api.telegram.org/bot6730911696:AAFWrSNIQZTbmQUfPbecKhEesESQ315sMDE/getUpdates "HTTP/1.1 200 OK"
2024-05-05 13:49:00,789 - httpx - INFO - HTTP Request: POST https://api.telegram.org/bot6730911696:AAFWrSNIQZTbmQUfPbecKhEesESQ315sMDE/getUpdates "HTTP/1.1 200 OK"
2024-05-05 13:49:10,926 - httpx - INFO - HTTP Request: POST https://api.telegram.org/bot6730911696:AAFWrSNIQZTbmQUfPbecKhEesESQ315sMDE/getUpdates "HTTP/1.1 200 OK"
2024-05-05 13:49:21,060 - httpx - INFO - HTTP Request: POST https://api.telegram.org/bot6730911696:AAFWrSNIQZTbmQUfPbecKhEesESQ315sMDE/getUpdates "HTTP/1.1 200 OK"
2024-05-05 13:49:31,200 - httpx - INFO - HTTP Request: POST https://api.telegram.org/bot6730911696:AAFWrSNIQZTbmQUfPbecKhEesESQ315sMDE/getUpdates "HTTP/1.1 200 OK"
2024-05-05 13:49:41,346 - httpx - INFO - HTTP Request: POST https://api.telegram.org/bot6730911696:AAFWrSNIQZTbmQUfPbecKhEesESQ315sMDE/getUpdates "HTTP/1.1 200 OK"
2024-05-05 13:49:51,485 - httpx - INFO - HTTP Request: POST https://api.telegram.org/bot6730911696:AAFWrSNIQZTbmQUfPbecKhEesESQ315sMDE/getUpdates "HTTP/1.1 200 OK"
2024-05-05 13:50:01,629 - httpx - INFO - HTTP Request: POST https://api.telegram.org/bot6730911696:AAFWrSNIQZTbmQUfPbecKhEesESQ315sMDE/getUpdates "HTTP/1.1 200 OK"
2024-05-05 13:50:11,776 - httpx - INFO - HTTP Request: POST https://api.telegram.org/bot6730911696:AAFWrSNIQZTbmQUfPbecKhEesESQ315sMDE/getUpdates "HTTP/1.1 200 OK"
2024-05-05 13:50:21,928 - httpx - INFO - HTTP Request: POST https://api.telegram.org/bot6730911696:AAFWrSNIQZTbmQUfPbecKhEesESQ315sMDE/getUpdates "HTTP/1.1 200 OK"
2024-05-05 13:50:32,077 - httpx - INFO - HTTP Request: POST https://api.telegram.org/bot6730911696:AAFWrSNIQZTbmQUfPbecKhEesESQ315sMDE/getUpdates "HTTP/1.1 200 OK"
2024-05-05 13:50:42,217 - httpx - INFO - HTTP Request: POST https://api.telegram.org/bot6730911696:AAFWrSNIQZTbmQUfPbecKhEesESQ315sMDE/getUpdates "HTTP/1.1 200 OK"
2024-05-05 13:50:52,361 - httpx - INFO - HTTP Request: POST https://api.telegram.org/bot6730911696:AAFWrSNIQZTbmQUfPbecKhEesESQ315sMDE/getUpdates "HTTP/1.1 200 OK"
2024-05-05 13:51:02,497 - httpx - INFO - HTTP Request: POST https://api.telegram.org/bot6730911696:AAFWrSNIQZTbmQUfPbecKhEesESQ315sMDE/getUpdates "HTTP/1.1 200 OK"
2024-05-05 13:51:12,644 - httpx - INFO - HTTP Request: POST https://api.telegram.org/bot6730911696:AAFWrSNIQZTbmQUfPbecKhEesESQ315sMDE/getUpdates "HTTP/1.1 200 OK"
2024-05-05 13:51:22,791 - httpx - INFO - HTTP Request: POST https://api.telegram.org/bot6730911696:AAFWrSNIQZTbmQUfPbecKhEesESQ315sMDE/getUpdates "HTTP/1.1 200 OK"
2024-05-05 13:51:32,938 - httpx - INFO - HTTP Request: POST https://api.telegram.org/bot6730911696:AAFWrSNIQZTbmQUfPbecKhEesESQ315sMDE/getUpdates "HTTP/1.1 200 OK"
2024-05-05 13:51:43,108 - httpx - INFO - HTTP Request: POST https://api.telegram.org/bot6730911696:AAFWrSNIQZTbmQUfPbecKhEesESQ315sMDE/getUpdates "HTTP/1.1 200 OK"
2024-05-05 13:51:53,244 - httpx - INFO - HTTP Request: POST https://api.telegram.org/bot6730911696:AAFWrSNIQZTbmQUfPbecKhEesESQ315sMDE/getUpdates "HTTP/1.1 200 OK"
2024-05-05 13:52:03,390 - httpx - INFO - HTTP Request: POST https://api.telegram.org/bot6730911696:AAFWrSNIQZTbmQUfPbecKhEesESQ315sMDE/getUpdates "HTTP/1.1 200 OK"
2024-05-05 13:52:13,538 - httpx - INFO - HTTP Request: POST https://api.telegram.org/bot6730911696:AAFWrSNIQZTbmQUfPbecKhEesESQ315sMDE/getUpdates "HTTP/1.1 200 OK"
2024-05-05 13:52:23,682 - httpx - INFO - HTTP Request: POST https://api.telegram.org/bot6730911696:AAFWrSNIQZTbmQUfPbecKhEesESQ315sMDE/getUpdates "HTTP/1.1 200 OK"
2024-05-05 13:52:33,841 - httpx - INFO - HTTP Request: POST https://api.telegram.org/bot6730911696:AAFWrSNIQZTbmQUfPbecKhEesESQ315sMDE/getUpdates "HTTP/1.1 200 OK"
2024-05-05 13:52:43,989 - httpx - INFO - HTTP Request: POST https://api.telegram.org/bot6730911696:AAFWrSNIQZTbmQUfPbecKhEesESQ315sMDE/getUpdates "HTTP/1.1 200 OK"
2024-05-05 13:52:54,130 - httpx - INFO - HTTP Request: POST https://api.telegram.org/bot6730911696:AAFWrSNIQZTbmQUfPbecKhEesESQ315sMDE/getUpdates "HTTP/1.1 200 OK"
2024-05-05 13:53:04,278 - httpx - INFO - HTTP Request: POST https://api.telegram.org/bot6730911696:AAFWrSNIQZTbmQUfPbecKhEesESQ315sMDE/getUpdates "HTTP/1.1 200 OK"
2024-05-05 13:53:14,422 - httpx - INFO - HTTP Request: POST https://api.telegram.org/bot6730911696:AAFWrSNIQZTbmQUfPbecKhEesESQ315sMDE/getUpdates "HTTP/1.1 200 OK"
2024-05-05 13:53:24,559 - httpx - INFO - HTTP Request: POST https://api.telegram.org/bot6730911696:AAFWrSNIQZTbmQUfPbecKhEesESQ315sMDE/getUpdates "HTTP/1.1 200 OK"
2024-05-05 13:53:34,709 - httpx - INFO - HTTP Request: POST https://api.telegram.org/bot6730911696:AAFWrSNIQZTbmQUfPbecKhEesESQ315sMDE/getUpdates "HTTP/1.1 200 OK"
2024-05-05 13:53:44,853 - httpx - INFO - HTTP Request: POST https://api.telegram.org/bot6730911696:AAFWrSNIQZTbmQUfPbecKhEesESQ315sMDE/getUpdates "HTTP/1.1 200 OK"
2024-05-05 13:53:54,996 - httpx - INFO - HTTP Request: POST https://api.telegram.org/bot6730911696:AAFWrSNIQZTbmQUfPbecKhEesESQ315sMDE/getUpdates "HTTP/1.1 200 OK"
2024-05-05 13:54:05,143 - httpx - INFO - HTTP Request: POST https://api.telegram.org/bot6730911696:AAFWrSNIQZTbmQUfPbecKhEesESQ315sMDE/getUpdates "HTTP/1.1 200 OK"
2024-05-05 13:54:15,284 - httpx - INFO - HTTP Request: POST https://api.telegram.org/bot6730911696:AAFWrSNIQZTbmQUfPbecKhEesESQ315sMDE/getUpdates "HTTP/1.1 200 OK"
2024-05-05 13:54:25,423 - httpx - INFO - HTTP Request: POST https://api.telegram.org/bot6730911696:AAFWrSNIQZTbmQUfPbecKhEesESQ315sMDE/getUpdates "HTTP/1.1 200 OK"
2024-05-05 13:54:35,562 - httpx - INFO - HTTP Request: POST https://api.telegram.org/bot6730911696:AAFWrSNIQZTbmQUfPbecKhEesESQ315sMDE/getUpdates "HTTP/1.1 200 OK"
2024-05-05 13:54:45,702 - httpx - INFO - HTTP Request: POST https://api.telegram.org/bot6730911696:AAFWrSNIQZTbmQUfPbecKhEesESQ315sMDE/getUpdates "HTTP/1.1 200 OK"
2024-05-05 13:54:55,851 - httpx - INFO - HTTP Request: POST https://api.telegram.org/bot6730911696:AAFWrSNIQZTbmQUfPbecKhEesESQ315sMDE/getUpdates "HTTP/1.1 200 OK"
2024-05-05 13:55:05,994 - httpx - INFO - HTTP Request: POST https://api.telegram.org/bot6730911696:AAFWrSNIQZTbmQUfPbecKhEesESQ315sMDE/getUpdates "HTTP/1.1 200 OK"
2024-05-05 13:55:16,193 - httpx - INFO - HTTP Request: POST https://api.telegram.org/bot6730911696:AAFWrSNIQZTbmQUfPbecKhEesESQ315sMDE/getUpdates "HTTP/1.1 200 OK"
2024-05-05 13:55:26,334 - httpx - INFO - HTTP Request: POST https://api.telegram.org/bot6730911696:AAFWrSNIQZTbmQUfPbecKhEesESQ315sMDE/getUpdates "HTTP/1.1 200 OK"
2024-05-05 13:55:36,569 - httpx - INFO - HTTP Request: POST https://api.telegram.org/bot6730911696:AAFWrSNIQZTbmQUfPbecKhEesESQ315sMDE/getUpdates "HTTP/1.1 200 OK"
2024-05-05 13:55:46,714 - httpx - INFO - HTTP Request: POST https://api.telegram.org/bot6730911696:AAFWrSNIQZTbmQUfPbecKhEesESQ315sMDE/getUpdates "HTTP/1.1 200 OK"
2024-05-05 13:55:56,867 - httpx - INFO - HTTP Request: POST https://api.telegram.org/bot6730911696:AAFWrSNIQZTbmQUfPbecKhEesESQ315sMDE/getUpdates "HTTP/1.1 200 OK"
2024-05-05 13:56:07,009 - httpx - INFO - HTTP Request: POST https://api.telegram.org/bot6730911696:AAFWrSNIQZTbmQUfPbecKhEesESQ315sMDE/getUpdates "HTTP/1.1 200 OK"
2024-05-05 13:56:17,144 - httpx - INFO - HTTP Request: POST https://api.telegram.org/bot6730911696:AAFWrSNIQZTbmQUfPbecKhEesESQ315sMDE/getUpdates "HTTP/1.1 200 OK"
2024-05-05 13:56:27,285 - httpx - INFO - HTTP Request: POST https://api.telegram.org/bot6730911696:AAFWrSNIQZTbmQUfPbecKhEesESQ315sMDE/getUpdates "HTTP/1.1 200 OK"
2024-05-05 13:56:37,430 - httpx - INFO - HTTP Request: POST https://api.telegram.org/bot6730911696:AAFWrSNIQZTbmQUfPbecKhEesESQ315sMDE/getUpdates "HTTP/1.1 200 OK"
2024-05-05 13:56:47,566 - httpx - INFO - HTTP Request: POST https://api.telegram.org/bot6730911696:AAFWrSNIQZTbmQUfPbecKhEesESQ315sMDE/getUpdates "HTTP/1.1 200 OK"
2024-05-05 13:56:57,704 - httpx - INFO - HTTP Request: POST https://api.telegram.org/bot6730911696:AAFWrSNIQZTbmQUfPbecKhEesESQ315sMDE/getUpdates "HTTP/1.1 200 OK"
2024-05-05 13:57:07,845 - httpx - INFO - HTTP Request: POST https://api.telegram.org/bot6730911696:AAFWrSNIQZTbmQUfPbecKhEesESQ315sMDE/getUpdates "HTTP/1.1 200 OK"
2024-05-05 13:57:17,984 - httpx - INFO - HTTP Request: POST https://api.telegram.org/bot6730911696:AAFWrSNIQZTbmQUfPbecKhEesESQ315sMDE/getUpdates "HTTP/1.1 200 OK"
2024-05-05 13:57:28,125 - httpx - INFO - HTTP Request: POST https://api.telegram.org/bot6730911696:AAFWrSNIQZTbmQUfPbecKhEesESQ315sMDE/getUpdates "HTTP/1.1 200 OK"
2024-05-05 13:57:38,267 - httpx - INFO - HTTP Request: POST https://api.telegram.org/bot6730911696:AAFWrSNIQZTbmQUfPbecKhEesESQ315sMDE/getUpdates "HTTP/1.1 200 OK"
2024-05-05 13:57:48,423 - httpx - INFO - HTTP Request: POST https://api.telegram.org/bot6730911696:AAFWrSNIQZTbmQUfPbecKhEesESQ315sMDE/getUpdates "HTTP/1.1 200 OK"
2024-05-05 13:57:58,569 - httpx - INFO - HTTP Request: POST https://api.telegram.org/bot6730911696:AAFWrSNIQZTbmQUfPbecKhEesESQ315sMDE/getUpdates "HTTP/1.1 200 OK"
2024-05-05 13:58:08,712 - httpx - INFO - HTTP Request: POST https://api.telegram.org/bot6730911696:AAFWrSNIQZTbmQUfPbecKhEesESQ315sMDE/getUpdates "HTTP/1.1 200 OK"
2024-05-05 13:58:18,853 - httpx - INFO - HTTP Request: POST https://api.telegram.org/bot6730911696:AAFWrSNIQZTbmQUfPbecKhEesESQ315sMDE/getUpdates "HTTP/1.1 200 OK"
2024-05-05 13:58:28,999 - httpx - INFO - HTTP Request: POST https://api.telegram.org/bot6730911696:AAFWrSNIQZTbmQUfPbecKhEesESQ315sMDE/getUpdates "HTTP/1.1 200 OK"
2024-05-05 13:58:39,178 - httpx - INFO - HTTP Request: POST https://api.telegram.org/bot6730911696:AAFWrSNIQZTbmQUfPbecKhEesESQ315sMDE/getUpdates "HTTP/1.1 200 OK"
2024-05-05 13:58:49,317 - httpx - INFO - HTTP Request: POST https://api.telegram.org/bot6730911696:AAFWrSNIQZTbmQUfPbecKhEesESQ315sMDE/getUpdates "HTTP/1.1 200 OK"
2024-05-05 13:58:59,467 - httpx - INFO - HTTP Request: POST https://api.telegram.org/bot6730911696:AAFWrSNIQZTbmQUfPbecKhEesESQ315sMDE/getUpdates "HTTP/1.1 200 OK"
2024-05-05 13:59:09,611 - httpx - INFO - HTTP Request: POST https://api.telegram.org/bot6730911696:AAFWrSNIQZTbmQUfPbecKhEesESQ315sMDE/getUpdates "HTTP/1.1 200 OK"
2024-05-05 13:59:19,754 - httpx - INFO - HTTP Request: POST https://api.telegram.org/bot6730911696:AAFWrSNIQZTbmQUfPbecKhEesESQ315sMDE/getUpdates "HTTP/1.1 200 OK"
2024-05-05 13:59:30,518 - httpx - INFO - HTTP Request: POST https://api.telegram.org/bot6730911696:AAFWrSNIQZTbmQUfPbecKhEesESQ315sMDE/getUpdates "HTTP/1.1 200 OK"
2024-05-05 13:59:40,658 - httpx - INFO - HTTP Request: POST https://api.telegram.org/bot6730911696:AAFWrSNIQZTbmQUfPbecKhEesESQ315sMDE/getUpdates "HTTP/1.1 200 OK"
2024-05-05 13:59:50,803 - httpx - INFO - HTTP Request: POST https://api.telegram.org/bot6730911696:AAFWrSNIQZTbmQUfPbecKhEesESQ315sMDE/getUpdates "HTTP/1.1 200 OK"
2024-05-05 14:00:00,939 - httpx - INFO - HTTP Request: POST https://api.telegram.org/bot6730911696:AAFWrSNIQZTbmQUfPbecKhEesESQ315sMDE/getUpdates "HTTP/1.1 200 OK"
2024-05-05 14:00:11,084 - httpx - INFO - HTTP Request: POST https://api.telegram.org/bot6730911696:AAFWrSNIQZTbmQUfPbecKhEesESQ315sMDE/getUpdates "HTTP/1.1 200 OK"
2024-05-05 14:00:21,236 - httpx - INFO - HTTP Request: POST https://api.telegram.org/bot6730911696:AAFWrSNIQZTbmQUfPbecKhEesESQ315sMDE/getUpdates "HTTP/1.1 200 OK"
2024-05-05 14:00:31,377 - httpx - INFO - HTTP Request: POST https://api.telegram.org/bot6730911696:AAFWrSNIQZTbmQUfPbecKhEesESQ315sMDE/getUpdates "HTTP/1.1 200 OK"
2024-05-05 14:00:41,514 - httpx - INFO - HTTP Request: POST https://api.telegram.org/bot6730911696:AAFWrSNIQZTbmQUfPbecKhEesESQ315sMDE/getUpdates "HTTP/1.1 200 OK"
2024-05-05 14:00:51,653 - httpx - INFO - HTTP Request: POST https://api.telegram.org/bot6730911696:AAFWrSNIQZTbmQUfPbecKhEesESQ315sMDE/getUpdates "HTTP/1.1 200 OK"
2024-05-05 14:01:01,800 - httpx - INFO - HTTP Request: POST https://api.telegram.org/bot6730911696:AAFWrSNIQZTbmQUfPbecKhEesESQ315sMDE/getUpdates "HTTP/1.1 200 OK"
2024-05-05 14:01:11,938 - httpx - INFO - HTTP Request: POST https://api.telegram.org/bot6730911696:AAFWrSNIQZTbmQUfPbecKhEesESQ315sMDE/getUpdates "HTTP/1.1 200 OK"
2024-05-05 14:01:22,080 - httpx - INFO - HTTP Request: POST https://api.telegram.org/bot6730911696:AAFWrSNIQZTbmQUfPbecKhEesESQ315sMDE/getUpdates "HTTP/1.1 200 OK"
2024-05-05 14:01:32,224 - httpx - INFO - HTTP Request: POST https://api.telegram.org/bot6730911696:AAFWrSNIQZTbmQUfPbecKhEesESQ315sMDE/getUpdates "HTTP/1.1 200 OK"
2024-05-05 14:01:42,366 - httpx - INFO - HTTP Request: POST https://api.telegram.org/bot6730911696:AAFWrSNIQZTbmQUfPbecKhEesESQ315sMDE/getUpdates "HTTP/1.1 200 OK"
2024-05-05 14:01:52,505 - httpx - INFO - HTTP Request: POST https://api.telegram.org/bot6730911696:AAFWrSNIQZTbmQUfPbecKhEesESQ315sMDE/getUpdates "HTTP/1.1 200 OK"
2024-05-05 14:02:02,652 - httpx - INFO - HTTP Request: POST https://api.telegram.org/bot6730911696:AAFWrSNIQZTbmQUfPbecKhEesESQ315sMDE/getUpdates "HTTP/1.1 200 OK"
2024-05-05 14:02:12,794 - httpx - INFO - HTTP Request: POST https://api.telegram.org/bot6730911696:AAFWrSNIQZTbmQUfPbecKhEesESQ315sMDE/getUpdates "HTTP/1.1 200 OK"
2024-05-05 14:02:22,935 - httpx - INFO - HTTP Request: POST https://api.telegram.org/bot6730911696:AAFWrSNIQZTbmQUfPbecKhEesESQ315sMDE/getUpdates "HTTP/1.1 200 OK"
2024-05-05 14:02:33,078 - httpx - INFO - HTTP Request: POST https://api.telegram.org/bot6730911696:AAFWrSNIQZTbmQUfPbecKhEesESQ315sMDE/getUpdates "HTTP/1.1 200 OK"
2024-05-05 14:02:43,223 - httpx - INFO - HTTP Request: POST https://api.telegram.org/bot6730911696:AAFWrSNIQZTbmQUfPbecKhEesESQ315sMDE/getUpdates "HTTP/1.1 200 OK"
2024-05-05 14:02:53,365 - httpx - INFO - HTTP Request: POST https://api.telegram.org/bot6730911696:AAFWrSNIQZTbmQUfPbecKhEesESQ315sMDE/getUpdates "HTTP/1.1 200 OK"
2024-05-05 14:03:03,510 - httpx - INFO - HTTP Request: POST https://api.telegram.org/bot6730911696:AAFWrSNIQZTbmQUfPbecKhEesESQ315sMDE/getUpdates "HTTP/1.1 200 OK"
2024-05-05 14:03:13,653 - httpx - INFO - HTTP Request: POST https://api.telegram.org/bot6730911696:AAFWrSNIQZTbmQUfPbecKhEesESQ315sMDE/getUpdates "HTTP/1.1 200 OK"
2024-05-05 14:03:23,798 - httpx - INFO - HTTP Request: POST https://api.telegram.org/bot6730911696:AAFWrSNIQZTbmQUfPbecKhEesESQ315sMDE/getUpdates "HTTP/1.1 200 OK"
2024-05-05 14:03:33,939 - httpx - INFO - HTTP Request: POST https://api.telegram.org/bot6730911696:AAFWrSNIQZTbmQUfPbecKhEesESQ315sMDE/getUpdates "HTTP/1.1 200 OK"
2024-05-05 14:03:44,079 - httpx - INFO - HTTP Request: POST https://api.telegram.org/bot6730911696:AAFWrSNIQZTbmQUfPbecKhEesESQ315sMDE/getUpdates "HTTP/1.1 200 OK"
2024-05-05 14:03:54,222 - httpx - INFO - HTTP Request: POST https://api.telegram.org/bot6730911696:AAFWrSNIQZTbmQUfPbecKhEesESQ315sMDE/getUpdates "HTTP/1.1 200 OK"
2024-05-05 14:04:04,364 - httpx - INFO - HTTP Request: POST https://api.telegram.org/bot6730911696:AAFWrSNIQZTbmQUfPbecKhEesESQ315sMDE/getUpdates "HTTP/1.1 200 OK"
2024-05-05 14:04:14,499 - httpx - INFO - HTTP Request: POST https://api.telegram.org/bot6730911696:AAFWrSNIQZTbmQUfPbecKhEesESQ315sMDE/getUpdates "HTTP/1.1 200 OK"
2024-05-05 14:04:24,642 - httpx - INFO - HTTP Request: POST https://api.telegram.org/bot6730911696:AAFWrSNIQZTbmQUfPbecKhEesESQ315sMDE/getUpdates "HTTP/1.1 200 OK"
2024-05-05 14:04:34,781 - httpx - INFO - HTTP Request: POST https://api.telegram.org/bot6730911696:AAFWrSNIQZTbmQUfPbecKhEesESQ315sMDE/getUpdates "HTTP/1.1 200 OK"
2024-05-05 14:04:44,917 - httpx - INFO - HTTP Request: POST https://api.telegram.org/bot6730911696:AAFWrSNIQZTbmQUfPbecKhEesESQ315sMDE/getUpdates "HTTP/1.1 200 OK"
2024-05-05 14:04:55,063 - httpx - INFO - HTTP Request: POST https://api.telegram.org/bot6730911696:AAFWrSNIQZTbmQUfPbecKhEesESQ315sMDE/getUpdates "HTTP/1.1 200 OK"
2024-05-05 14:05:05,214 - httpx - INFO - HTTP Request: POST https://api.telegram.org/bot6730911696:AAFWrSNIQZTbmQUfPbecKhEesESQ315sMDE/getUpdates "HTTP/1.1 200 OK"
2024-05-05 14:05:15,353 - httpx - INFO - HTTP Request: POST https://api.telegram.org/bot6730911696:AAFWrSNIQZTbmQUfPbecKhEesESQ315sMDE/getUpdates "HTTP/1.1 200 OK"
2024-05-05 14:05:25,491 - httpx - INFO - HTTP Request: POST https://api.telegram.org/bot6730911696:AAFWrSNIQZTbmQUfPbecKhEesESQ315sMDE/getUpdates "HTTP/1.1 200 OK"
2024-05-05 14:05:35,630 - httpx - INFO - HTTP Request: POST https://api.telegram.org/bot6730911696:AAFWrSNIQZTbmQUfPbecKhEesESQ315sMDE/getUpdates "HTTP/1.1 200 OK"
2024-05-05 14:05:45,788 - httpx - INFO - HTTP Request: POST https://api.telegram.org/bot6730911696:AAFWrSNIQZTbmQUfPbecKhEesESQ315sMDE/getUpdates "HTTP/1.1 200 OK"
2024-05-05 14:05:55,932 - httpx - INFO - HTTP Request: POST https://api.telegram.org/bot6730911696:AAFWrSNIQZTbmQUfPbecKhEesESQ315sMDE/getUpdates "HTTP/1.1 200 OK"
2024-05-05 14:06:06,074 - httpx - INFO - HTTP Request: POST https://api.telegram.org/bot6730911696:AAFWrSNIQZTbmQUfPbecKhEesESQ315sMDE/getUpdates "HTTP/1.1 200 OK"
2024-05-05 14:06:16,228 - httpx - INFO - HTTP Request: POST https://api.telegram.org/bot6730911696:AAFWrSNIQZTbmQUfPbecKhEesESQ315sMDE/getUpdates "HTTP/1.1 200 OK"
2024-05-05 14:06:26,370 - httpx - INFO - HTTP Request: POST https://api.telegram.org/bot6730911696:AAFWrSNIQZTbmQUfPbecKhEesESQ315sMDE/getUpdates "HTTP/1.1 200 OK"
2024-05-05 14:06:36,511 - httpx - INFO - HTTP Request: POST https://api.telegram.org/bot6730911696:AAFWrSNIQZTbmQUfPbecKhEesESQ315sMDE/getUpdates "HTTP/1.1 200 OK"
2024-05-05 14:06:46,698 - httpx - INFO - HTTP Request: POST https://api.telegram.org/bot6730911696:AAFWrSNIQZTbmQUfPbecKhEesESQ315sMDE/getUpdates "HTTP/1.1 200 OK"
2024-05-05 14:06:56,842 - httpx - INFO - HTTP Request: POST https://api.telegram.org/bot6730911696:AAFWrSNIQZTbmQUfPbecKhEesESQ315sMDE/getUpdates "HTTP/1.1 200 OK"
2024-05-05 14:07:06,991 - httpx - INFO - HTTP Request: POST https://api.telegram.org/bot6730911696:AAFWrSNIQZTbmQUfPbecKhEesESQ315sMDE/getUpdates "HTTP/1.1 200 OK"
2024-05-05 14:07:17,212 - httpx - INFO - HTTP Request: POST https://api.telegram.org/bot6730911696:AAFWrSNIQZTbmQUfPbecKhEesESQ315sMDE/getUpdates "HTTP/1.1 200 OK"
2024-05-05 14:07:27,373 - httpx - INFO - HTTP Request: POST https://api.telegram.org/bot6730911696:AAFWrSNIQZTbmQUfPbecKhEesESQ315sMDE/getUpdates "HTTP/1.1 200 OK"
2024-05-05 14:07:37,592 - httpx - INFO - HTTP Request: POST https://api.telegram.org/bot6730911696:AAFWrSNIQZTbmQUfPbecKhEesESQ315sMDE/getUpdates "HTTP/1.1 200 OK"
2024-05-05 14:07:47,731 - httpx - INFO - HTTP Request: POST https://api.telegram.org/bot6730911696:AAFWrSNIQZTbmQUfPbecKhEesESQ315sMDE/getUpdates "HTTP/1.1 200 OK"
2024-05-05 14:07:57,870 - httpx - INFO - HTTP Request: POST https://api.telegram.org/bot6730911696:AAFWrSNIQZTbmQUfPbecKhEesESQ315sMDE/getUpdates "HTTP/1.1 200 OK"
2024-05-05 14:08:08,012 - httpx - INFO - HTTP Request: POST https://api.telegram.org/bot6730911696:AAFWrSNIQZTbmQUfPbecKhEesESQ315sMDE/getUpdates "HTTP/1.1 200 OK"
2024-05-05 14:08:18,161 - httpx - INFO - HTTP Request: POST https://api.telegram.org/bot6730911696:AAFWrSNIQZTbmQUfPbecKhEesESQ315sMDE/getUpdates "HTTP/1.1 200 OK"
2024-05-05 14:08:28,303 - httpx - INFO - HTTP Request: POST https://api.telegram.org/bot6730911696:AAFWrSNIQZTbmQUfPbecKhEesESQ315sMDE/getUpdates "HTTP/1.1 200 OK"
2024-05-05 14:08:38,464 - httpx - INFO - HTTP Request: POST https://api.telegram.org/bot6730911696:AAFWrSNIQZTbmQUfPbecKhEesESQ315sMDE/getUpdates "HTTP/1.1 200 OK"
2024-05-05 14:08:48,610 - httpx - INFO - HTTP Request: POST https://api.telegram.org/bot6730911696:AAFWrSNIQZTbmQUfPbecKhEesESQ315sMDE/getUpdates "HTTP/1.1 200 OK"
2024-05-05 14:08:58,758 - httpx - INFO - HTTP Request: POST https://api.telegram.org/bot6730911696:AAFWrSNIQZTbmQUfPbecKhEesESQ315sMDE/getUpdates "HTTP/1.1 200 OK"
2024-05-05 14:09:08,907 - httpx - INFO - HTTP Request: POST https://api.telegram.org/bot6730911696:AAFWrSNIQZTbmQUfPbecKhEesESQ315sMDE/getUpdates "HTTP/1.1 200 OK"
2024-05-05 14:09:19,050 - httpx - INFO - HTTP Request: POST https://api.telegram.org/bot6730911696:AAFWrSNIQZTbmQUfPbecKhEesESQ315sMDE/getUpdates "HTTP/1.1 200 OK"
2024-05-05 14:09:29,189 - httpx - INFO - HTTP Request: POST https://api.telegram.org/bot6730911696:AAFWrSNIQZTbmQUfPbecKhEesESQ315sMDE/getUpdates "HTTP/1.1 200 OK"
2024-05-05 14:09:39,333 - httpx - INFO - HTTP Request: POST https://api.telegram.org/bot6730911696:AAFWrSNIQZTbmQUfPbecKhEesESQ315sMDE/getUpdates "HTTP/1.1 200 OK"
2024-05-05 14:09:49,481 - httpx - INFO - HTTP Request: POST https://api.telegram.org/bot6730911696:AAFWrSNIQZTbmQUfPbecKhEesESQ315sMDE/getUpdates "HTTP/1.1 200 OK"
2024-05-05 14:09:59,622 - httpx - INFO - HTTP Request: POST https://api.telegram.org/bot6730911696:AAFWrSNIQZTbmQUfPbecKhEesESQ315sMDE/getUpdates "HTTP/1.1 200 OK"
2024-05-05 14:10:09,768 - httpx - INFO - HTTP Request: POST https://api.telegram.org/bot6730911696:AAFWrSNIQZTbmQUfPbecKhEesESQ315sMDE/getUpdates "HTTP/1.1 200 OK"
2024-05-05 14:10:19,919 - httpx - INFO - HTTP Request: POST https://api.telegram.org/bot6730911696:AAFWrSNIQZTbmQUfPbecKhEesESQ315sMDE/getUpdates "HTTP/1.1 200 OK"
2024-05-05 14:10:30,058 - httpx - INFO - HTTP Request: POST https://api.telegram.org/bot6730911696:AAFWrSNIQZTbmQUfPbecKhEesESQ315sMDE/getUpdates "HTTP/1.1 200 OK"
2024-05-05 14:10:40,193 - httpx - INFO - HTTP Request: POST https://api.telegram.org/bot6730911696:AAFWrSNIQZTbmQUfPbecKhEesESQ315sMDE/getUpdates "HTTP/1.1 200 OK"
2024-05-05 14:10:50,332 - httpx - INFO - HTTP Request: POST https://api.telegram.org/bot6730911696:AAFWrSNIQZTbmQUfPbecKhEesESQ315sMDE/getUpdates "HTTP/1.1 200 OK"
2024-05-05 14:11:00,472 - httpx - INFO - HTTP Request: POST https://api.telegram.org/bot6730911696:AAFWrSNIQZTbmQUfPbecKhEesESQ315sMDE/getUpdates "HTTP/1.1 200 OK"
2024-05-05 14:11:10,612 - httpx - INFO - HTTP Request: POST https://api.telegram.org/bot6730911696:AAFWrSNIQZTbmQUfPbecKhEesESQ315sMDE/getUpdates "HTTP/1.1 200 OK"
2024-05-05 14:11:20,750 - httpx - INFO - HTTP Request: POST https://api.telegram.org/bot6730911696:AAFWrSNIQZTbmQUfPbecKhEesESQ315sMDE/getUpdates "HTTP/1.1 200 OK"
2024-05-05 14:11:30,889 - httpx - INFO - HTTP Request: POST https://api.telegram.org/bot6730911696:AAFWrSNIQZTbmQUfPbecKhEesESQ315sMDE/getUpdates "HTTP/1.1 200 OK"
2024-05-05 14:11:41,027 - httpx - INFO - HTTP Request: POST https://api.telegram.org/bot6730911696:AAFWrSNIQZTbmQUfPbecKhEesESQ315sMDE/getUpdates "HTTP/1.1 200 OK"
2024-05-05 14:11:51,173 - httpx - INFO - HTTP Request: POST https://api.telegram.org/bot6730911696:AAFWrSNIQZTbmQUfPbecKhEesESQ315sMDE/getUpdates "HTTP/1.1 200 OK"
2024-05-05 14:12:01,313 - httpx - INFO - HTTP Request: POST https://api.telegram.org/bot6730911696:AAFWrSNIQZTbmQUfPbecKhEesESQ315sMDE/getUpdates "HTTP/1.1 200 OK"
2024-05-05 14:12:11,455 - httpx - INFO - HTTP Request: POST https://api.telegram.org/bot6730911696:AAFWrSNIQZTbmQUfPbecKhEesESQ315sMDE/getUpdates "HTTP/1.1 200 OK"
2024-05-05 14:12:21,600 - httpx - INFO - HTTP Request: POST https://api.telegram.org/bot6730911696:AAFWrSNIQZTbmQUfPbecKhEesESQ315sMDE/getUpdates "HTTP/1.1 200 OK"
2024-05-05 14:12:31,735 - httpx - INFO - HTTP Request: POST https://api.telegram.org/bot6730911696:AAFWrSNIQZTbmQUfPbecKhEesESQ315sMDE/getUpdates "HTTP/1.1 200 OK"
2024-05-05 14:12:41,870 - httpx - INFO - HTTP Request: POST https://api.telegram.org/bot6730911696:AAFWrSNIQZTbmQUfPbecKhEesESQ315sMDE/getUpdates "HTTP/1.1 200 OK"
2024-05-05 14:12:52,005 - httpx - INFO - HTTP Request: POST https://api.telegram.org/bot6730911696:AAFWrSNIQZTbmQUfPbecKhEesESQ315sMDE/getUpdates "HTTP/1.1 200 OK"
2024-05-05 14:13:02,143 - httpx - INFO - HTTP Request: POST https://api.telegram.org/bot6730911696:AAFWrSNIQZTbmQUfPbecKhEesESQ315sMDE/getUpdates "HTTP/1.1 200 OK"
2024-05-05 14:13:12,279 - httpx - INFO - HTTP Request: POST https://api.telegram.org/bot6730911696:AAFWrSNIQZTbmQUfPbecKhEesESQ315sMDE/getUpdates "HTTP/1.1 200 OK"
2024-05-05 14:13:22,415 - httpx - INFO - HTTP Request: POST https://api.telegram.org/bot6730911696:AAFWrSNIQZTbmQUfPbecKhEesESQ315sMDE/getUpdates "HTTP/1.1 200 OK"
2024-05-05 14:13:32,556 - httpx - INFO - HTTP Request: POST https://api.telegram.org/bot6730911696:AAFWrSNIQZTbmQUfPbecKhEesESQ315sMDE/getUpdates "HTTP/1.1 200 OK"
2024-05-05 14:13:42,695 - httpx - INFO - HTTP Request: POST https://api.telegram.org/bot6730911696:AAFWrSNIQZTbmQUfPbecKhEesESQ315sMDE/getUpdates "HTTP/1.1 200 OK"
2024-05-05 14:13:52,842 - httpx - INFO - HTTP Request: POST https://api.telegram.org/bot6730911696:AAFWrSNIQZTbmQUfPbecKhEesESQ315sMDE/getUpdates "HTTP/1.1 200 OK"
2024-05-05 14:14:02,977 - httpx - INFO - HTTP Request: POST https://api.telegram.org/bot6730911696:AAFWrSNIQZTbmQUfPbecKhEesESQ315sMDE/getUpdates "HTTP/1.1 200 OK"
2024-05-05 14:14:13,117 - httpx - INFO - HTTP Request: POST https://api.telegram.org/bot6730911696:AAFWrSNIQZTbmQUfPbecKhEesESQ315sMDE/getUpdates "HTTP/1.1 200 OK"
2024-05-05 14:14:23,253 - httpx - INFO - HTTP Request: POST https://api.telegram.org/bot6730911696:AAFWrSNIQZTbmQUfPbecKhEesESQ315sMDE/getUpdates "HTTP/1.1 200 OK"
2024-05-05 14:14:33,403 - httpx - INFO - HTTP Request: POST https://api.telegram.org/bot6730911696:AAFWrSNIQZTbmQUfPbecKhEesESQ315sMDE/getUpdates "HTTP/1.1 200 OK"
2024-05-05 14:14:43,553 - httpx - INFO - HTTP Request: POST https://api.telegram.org/bot6730911696:AAFWrSNIQZTbmQUfPbecKhEesESQ315sMDE/getUpdates "HTTP/1.1 200 OK"
2024-05-05 14:14:53,696 - httpx - INFO - HTTP Request: POST https://api.telegram.org/bot6730911696:AAFWrSNIQZTbmQUfPbecKhEesESQ315sMDE/getUpdates "HTTP/1.1 200 OK"
2024-05-05 14:15:03,839 - httpx - INFO - HTTP Request: POST https://api.telegram.org/bot6730911696:AAFWrSNIQZTbmQUfPbecKhEesESQ315sMDE/getUpdates "HTTP/1.1 200 OK"
2024-05-05 14:15:13,978 - httpx - INFO - HTTP Request: POST https://api.telegram.org/bot6730911696:AAFWrSNIQZTbmQUfPbecKhEesESQ315sMDE/getUpdates "HTTP/1.1 200 OK"
2024-05-05 14:15:24,117 - httpx - INFO - HTTP Request: POST https://api.telegram.org/bot6730911696:AAFWrSNIQZTbmQUfPbecKhEesESQ315sMDE/getUpdates "HTTP/1.1 200 OK"
2024-05-05 14:15:34,255 - httpx - INFO - HTTP Request: POST https://api.telegram.org/bot6730911696:AAFWrSNIQZTbmQUfPbecKhEesESQ315sMDE/getUpdates "HTTP/1.1 200 OK"
2024-05-05 14:15:44,397 - httpx - INFO - HTTP Request: POST https://api.telegram.org/bot6730911696:AAFWrSNIQZTbmQUfPbecKhEesESQ315sMDE/getUpdates "HTTP/1.1 200 OK"
2024-05-05 14:15:54,534 - httpx - INFO - HTTP Request: POST https://api.telegram.org/bot6730911696:AAFWrSNIQZTbmQUfPbecKhEesESQ315sMDE/getUpdates "HTTP/1.1 200 OK"
2024-05-05 14:16:04,670 - httpx - INFO - HTTP Request: POST https://api.telegram.org/bot6730911696:AAFWrSNIQZTbmQUfPbecKhEesESQ315sMDE/getUpdates "HTTP/1.1 200 OK"
2024-05-05 14:16:14,810 - httpx - INFO - HTTP Request: POST https://api.telegram.org/bot6730911696:AAFWrSNIQZTbmQUfPbecKhEesESQ315sMDE/getUpdates "HTTP/1.1 200 OK"
2024-05-05 14:16:25,354 - httpx - INFO - HTTP Request: POST https://api.telegram.org/bot6730911696:AAFWrSNIQZTbmQUfPbecKhEesESQ315sMDE/getUpdates "HTTP/1.1 200 OK"
2024-05-05 14:16:35,512 - httpx - INFO - HTTP Request: POST https://api.telegram.org/bot6730911696:AAFWrSNIQZTbmQUfPbecKhEesESQ315sMDE/getUpdates "HTTP/1.1 200 OK"
2024-05-05 14:16:45,678 - httpx - INFO - HTTP Request: POST https://api.telegram.org/bot6730911696:AAFWrSNIQZTbmQUfPbecKhEesESQ315sMDE/getUpdates "HTTP/1.1 200 OK"
2024-05-05 14:16:55,820 - httpx - INFO - HTTP Request: POST https://api.telegram.org/bot6730911696:AAFWrSNIQZTbmQUfPbecKhEesESQ315sMDE/getUpdates "HTTP/1.1 200 OK"
2024-05-05 14:17:05,982 - httpx - INFO - HTTP Request: POST https://api.telegram.org/bot6730911696:AAFWrSNIQZTbmQUfPbecKhEesESQ315sMDE/getUpdates "HTTP/1.1 200 OK"
2024-05-05 14:17:16,121 - httpx - INFO - HTTP Request: POST https://api.telegram.org/bot6730911696:AAFWrSNIQZTbmQUfPbecKhEesESQ315sMDE/getUpdates "HTTP/1.1 200 OK"
2024-05-05 14:17:26,304 - httpx - INFO - HTTP Request: POST https://api.telegram.org/bot6730911696:AAFWrSNIQZTbmQUfPbecKhEesESQ315sMDE/getUpdates "HTTP/1.1 200 OK"
2024-05-05 14:17:36,543 - httpx - INFO - HTTP Request: POST https://api.telegram.org/bot6730911696:AAFWrSNIQZTbmQUfPbecKhEesESQ315sMDE/getUpdates "HTTP/1.1 200 OK"
2024-05-05 14:17:46,787 - httpx - INFO - HTTP Request: POST https://api.telegram.org/bot6730911696:AAFWrSNIQZTbmQUfPbecKhEesESQ315sMDE/getUpdates "HTTP/1.1 200 OK"
2024-05-05 14:17:56,926 - httpx - INFO - HTTP Request: POST https://api.telegram.org/bot6730911696:AAFWrSNIQZTbmQUfPbecKhEesESQ315sMDE/getUpdates "HTTP/1.1 200 OK"
2024-05-05 14:18:07,076 - httpx - INFO - HTTP Request: POST https://api.telegram.org/bot6730911696:AAFWrSNIQZTbmQUfPbecKhEesESQ315sMDE/getUpdates "HTTP/1.1 200 OK"
2024-05-05 14:18:17,218 - httpx - INFO - HTTP Request: POST https://api.telegram.org/bot6730911696:AAFWrSNIQZTbmQUfPbecKhEesESQ315sMDE/getUpdates "HTTP/1.1 200 OK"
2024-05-05 14:18:27,356 - httpx - INFO - HTTP Request: POST https://api.telegram.org/bot6730911696:AAFWrSNIQZTbmQUfPbecKhEesESQ315sMDE/getUpdates "HTTP/1.1 200 OK"
2024-05-05 14:18:37,494 - httpx - INFO - HTTP Request: POST https://api.telegram.org/bot6730911696:AAFWrSNIQZTbmQUfPbecKhEesESQ315sMDE/getUpdates "HTTP/1.1 200 OK"
2024-05-05 14:18:47,636 - httpx - INFO - HTTP Request: POST https://api.telegram.org/bot6730911696:AAFWrSNIQZTbmQUfPbecKhEesESQ315sMDE/getUpdates "HTTP/1.1 200 OK"
2024-05-05 14:18:57,775 - httpx - INFO - HTTP Request: POST https://api.telegram.org/bot6730911696:AAFWrSNIQZTbmQUfPbecKhEesESQ315sMDE/getUpdates "HTTP/1.1 200 OK"
2024-05-05 14:19:07,978 - httpx - INFO - HTTP Request: POST https://api.telegram.org/bot6730911696:AAFWrSNIQZTbmQUfPbecKhEesESQ315sMDE/getUpdates "HTTP/1.1 200 OK"
2024-05-05 14:19:18,119 - httpx - INFO - HTTP Request: POST https://api.telegram.org/bot6730911696:AAFWrSNIQZTbmQUfPbecKhEesESQ315sMDE/getUpdates "HTTP/1.1 200 OK"
2024-05-05 14:19:28,256 - httpx - INFO - HTTP Request: POST https://api.telegram.org/bot6730911696:AAFWrSNIQZTbmQUfPbecKhEesESQ315sMDE/getUpdates "HTTP/1.1 200 OK"
2024-05-05 14:19:38,400 - httpx - INFO - HTTP Request: POST https://api.telegram.org/bot6730911696:AAFWrSNIQZTbmQUfPbecKhEesESQ315sMDE/getUpdates "HTTP/1.1 200 OK"
2024-05-05 14:19:48,540 - httpx - INFO - HTTP Request: POST https://api.telegram.org/bot6730911696:AAFWrSNIQZTbmQUfPbecKhEesESQ315sMDE/getUpdates "HTTP/1.1 200 OK"
2024-05-05 14:19:58,677 - httpx - INFO - HTTP Request: POST https://api.telegram.org/bot6730911696:AAFWrSNIQZTbmQUfPbecKhEesESQ315sMDE/getUpdates "HTTP/1.1 200 OK"
2024-05-05 14:20:08,825 - httpx - INFO - HTTP Request: POST https://api.telegram.org/bot6730911696:AAFWrSNIQZTbmQUfPbecKhEesESQ315sMDE/getUpdates "HTTP/1.1 200 OK"
2024-05-05 14:20:18,963 - httpx - INFO - HTTP Request: POST https://api.telegram.org/bot6730911696:AAFWrSNIQZTbmQUfPbecKhEesESQ315sMDE/getUpdates "HTTP/1.1 200 OK"
2024-05-05 14:20:29,116 - httpx - INFO - HTTP Request: POST https://api.telegram.org/bot6730911696:AAFWrSNIQZTbmQUfPbecKhEesESQ315sMDE/getUpdates "HTTP/1.1 200 OK"
2024-05-05 14:20:39,270 - httpx - INFO - HTTP Request: POST https://api.telegram.org/bot6730911696:AAFWrSNIQZTbmQUfPbecKhEesESQ315sMDE/getUpdates "HTTP/1.1 200 OK"
2024-05-05 14:20:49,411 - httpx - INFO - HTTP Request: POST https://api.telegram.org/bot6730911696:AAFWrSNIQZTbmQUfPbecKhEesESQ315sMDE/getUpdates "HTTP/1.1 200 OK"
2024-05-05 14:20:59,548 - httpx - INFO - HTTP Request: POST https://api.telegram.org/bot6730911696:AAFWrSNIQZTbmQUfPbecKhEesESQ315sMDE/getUpdates "HTTP/1.1 200 OK"
2024-05-05 14:21:09,694 - httpx - INFO - HTTP Request: POST https://api.telegram.org/bot6730911696:AAFWrSNIQZTbmQUfPbecKhEesESQ315sMDE/getUpdates "HTTP/1.1 200 OK"
2024-05-05 14:21:19,844 - httpx - INFO - HTTP Request: POST https://api.telegram.org/bot6730911696:AAFWrSNIQZTbmQUfPbecKhEesESQ315sMDE/getUpdates "HTTP/1.1 200 OK"
2024-05-05 14:21:30,001 - httpx - INFO - HTTP Request: POST https://api.telegram.org/bot6730911696:AAFWrSNIQZTbmQUfPbecKhEesESQ315sMDE/getUpdates "HTTP/1.1 200 OK"
2024-05-05 14:21:40,150 - httpx - INFO - HTTP Request: POST https://api.telegram.org/bot6730911696:AAFWrSNIQZTbmQUfPbecKhEesESQ315sMDE/getUpdates "HTTP/1.1 200 OK"
2024-05-05 14:21:50,293 - httpx - INFO - HTTP Request: POST https://api.telegram.org/bot6730911696:AAFWrSNIQZTbmQUfPbecKhEesESQ315sMDE/getUpdates "HTTP/1.1 200 OK"
2024-05-05 14:22:00,433 - httpx - INFO - HTTP Request: POST https://api.telegram.org/bot6730911696:AAFWrSNIQZTbmQUfPbecKhEesESQ315sMDE/getUpdates "HTTP/1.1 200 OK"
2024-05-05 14:22:10,603 - httpx - INFO - HTTP Request: POST https://api.telegram.org/bot6730911696:AAFWrSNIQZTbmQUfPbecKhEesESQ315sMDE/getUpdates "HTTP/1.1 200 OK"
2024-05-05 14:22:20,746 - httpx - INFO - HTTP Request: POST https://api.telegram.org/bot6730911696:AAFWrSNIQZTbmQUfPbecKhEesESQ315sMDE/getUpdates "HTTP/1.1 200 OK"
2024-05-05 14:22:30,885 - httpx - INFO - HTTP Request: POST https://api.telegram.org/bot6730911696:AAFWrSNIQZTbmQUfPbecKhEesESQ315sMDE/getUpdates "HTTP/1.1 200 OK"
2024-05-05 14:22:41,037 - httpx - INFO - HTTP Request: POST https://api.telegram.org/bot6730911696:AAFWrSNIQZTbmQUfPbecKhEesESQ315sMDE/getUpdates "HTTP/1.1 200 OK"
2024-05-05 14:22:51,569 - httpx - INFO - HTTP Request: POST https://api.telegram.org/bot6730911696:AAFWrSNIQZTbmQUfPbecKhEesESQ315sMDE/getUpdates "HTTP/1.1 200 OK"
2024-05-05 14:22:51,570 - telegram.ext.Application - INFO - Application is stopping. This might take a moment.
2024-05-05 14:22:51,570 - telegram.ext.Application - INFO - Application.stop() complete
